INFO: 2020-05-19 23:19:29,665: main() 'Using profile folder /home/vicyos/.config/variety/'
INFO: 2020-05-19 23:19:29,666: makedirs() 'Creating folder /home/vicyos/.config/variety/plugins'
INFO: 2020-05-19 23:19:32,898: write_current_version() 'Writing current version 0.8.3 to .version'
INFO: 2020-05-19 23:19:32,898: perform_upgrade() 'Last run version was 0.8.3 or earlier, current version is 0.8.3'
INFO: 2020-05-19 23:19:32,977: process_command() 'Received command: ['-p']'
INFO: 2020-05-19 23:19:32,979: load_banned() 'Missing or invalid banned URLs list, no URLs will be banned'
WARNING: 2020-05-19 23:19:32,979: load_history() 'Could not load history file, continuing without it, no worries'
INFO: 2020-05-19 23:19:32,994: start() 'Using data_path /usr/share/variety'
INFO: 2020-05-19 23:19:32,994: load() 'Jumble loading'
INFO: 2020-05-19 23:19:32,995: _walk_modules() 'Jumble loading module in __init__ from /usr/lib/python3.8/site-packages/variety/plugins/builtin/__init__.py'
INFO: 2020-05-19 23:19:32,995: _walk_modules() 'Jumble loading module in APODDownloader from /usr/lib/python3.8/site-packages/variety/plugins/builtin/downloaders/APODDownloader.py'
INFO: 2020-05-19 23:19:32,996: load() 'Jumble found plugin class: <class 'APODDownloader.APODDownloader'>: {'name': 'APODDownloader', 'description': 'NASA Astro Pic of the Day', 'author': 'Peter Levi', 'version': '0.1'}'
INFO: 2020-05-19 23:19:32,996: _walk_modules() 'Jumble loading module in RedditSource from /usr/lib/python3.8/site-packages/variety/plugins/builtin/downloaders/RedditSource.py'
INFO: 2020-05-19 23:19:32,997: load() 'Jumble found plugin class: <class 'RedditSource.RedditSource'>: {'name': 'RedditSource', 'description': 'Configurable source for fetching images from Reddit', 'author': 'Peter Levi', 'version': '0.1'}'
INFO: 2020-05-19 23:19:32,997: _walk_modules() 'Jumble loading module in UnsplashConfigurableSource from /usr/lib/python3.8/site-packages/variety/plugins/builtin/downloaders/UnsplashConfigurableSource.py'
INFO: 2020-05-19 23:19:32,998: load() 'Jumble found plugin class: <class 'UnsplashConfigurableSource.UnsplashConfigurableSource'>: {'name': 'UnsplashConfigurableSource', 'description': 'Configurable source for fetching photos from Unsplash.com', 'author': 'Peter Levi', 'version': '0.1'}'
INFO: 2020-05-19 23:19:32,998: _walk_modules() 'Jumble loading module in BingDownloader from /usr/lib/python3.8/site-packages/variety/plugins/builtin/downloaders/BingDownloader.py'
INFO: 2020-05-19 23:19:32,998: load() 'Jumble found plugin class: <class 'BingDownloader.BingDownloader'>: {'name': 'BingDownloader', 'description': 'Bing Photo of the Day', 'author': 'Peter Levi', 'version': '0.1'}'
INFO: 2020-05-19 23:19:32,999: _walk_modules() 'Jumble loading module in MediaRSSSource from /usr/lib/python3.8/site-packages/variety/plugins/builtin/downloaders/MediaRSSSource.py'
INFO: 2020-05-19 23:19:32,999: load() 'Jumble found plugin class: <class 'MediaRSSSource.MediaRSSSource'>: {'name': 'MediaRSSSource', 'description': 'Configurable source for fetching images from MediaRSS feeds', 'author': 'Peter Levi', 'version': '0.1'}'
INFO: 2020-05-19 23:19:32,999: _walk_modules() 'Jumble loading module in RedditDownloader from /usr/lib/python3.8/site-packages/variety/plugins/builtin/downloaders/RedditDownloader.py'
INFO: 2020-05-19 23:19:33,000: _walk_modules() 'Jumble loading module in MediaRSSDownloader from /usr/lib/python3.8/site-packages/variety/plugins/builtin/downloaders/MediaRSSDownloader.py'
INFO: 2020-05-19 23:19:33,000: _walk_modules() 'Jumble loading module in DesktopprDownloader from /usr/lib/python3.8/site-packages/variety/plugins/builtin/downloaders/DesktopprDownloader.py'
INFO: 2020-05-19 23:19:33,000: load() 'Jumble found plugin class: <class 'DesktopprDownloader.DesktopprDownloader'>: {'name': 'DesktopprDownloader', 'description': 'Random wallpapers from Desktoppr.co', 'author': 'Peter Levi', 'version': '0.1'}'
INFO: 2020-05-19 23:19:33,000: _walk_modules() 'Jumble loading module in __init__ from /usr/lib/python3.8/site-packages/variety/plugins/builtin/downloaders/__init__.py'
INFO: 2020-05-19 23:19:33,001: _walk_modules() 'Jumble loading module in EarthviewDownloader from /usr/lib/python3.8/site-packages/variety/plugins/builtin/downloaders/EarthviewDownloader.py'
INFO: 2020-05-19 23:19:33,001: load() 'Jumble found plugin class: <class 'EarthviewDownloader.EarthviewDownloader'>: {'name': 'EarthviewDownloader', 'description': 'Google Earth View Wallpapers', 'author': 'Peter Levi', 'version': '0.1'}'
INFO: 2020-05-19 23:19:33,001: _walk_modules() 'Jumble loading module in WallhavenDownloader from /usr/lib/python3.8/site-packages/variety/plugins/builtin/downloaders/WallhavenDownloader.py'
INFO: 2020-05-19 23:19:33,002: _walk_modules() 'Jumble loading module in WallhavenSource from /usr/lib/python3.8/site-packages/variety/plugins/builtin/downloaders/WallhavenSource.py'
INFO: 2020-05-19 23:19:33,002: load() 'Jumble found plugin class: <class 'WallhavenSource.WallhavenSource'>: {'name': 'MediaRSSSource', 'description': 'Configurable source for fetching images from Wallhaven.cc', 'author': 'Peter Levi', 'version': '0.1'}'
INFO: 2020-05-19 23:19:33,002: _walk_modules() 'Jumble loading module in ChromeOSWallpapersDownloader from /usr/lib/python3.8/site-packages/variety/plugins/builtin/downloaders/ChromeOSWallpapersDownloader.py'
INFO: 2020-05-19 23:19:33,002: load() 'Jumble found plugin class: <class 'ChromeOSWallpapersDownloader.ChromeOSWallpapersDownloader'>: {'name': 'ChromeOsWallpapersDownloader', 'description': 'Chrome OS Wallpapers', 'author': 'Peter Levi', 'version': '0.1'}'
INFO: 2020-05-19 23:19:33,003: _walk_modules() 'Jumble loading module in UnsplashDownloader from /usr/lib/python3.8/site-packages/variety/plugins/builtin/downloaders/UnsplashDownloader.py'
INFO: 2020-05-19 23:19:33,003: load() 'Jumble found plugin class: <class 'UnsplashDownloader.UnsplashDownloader'>: {'name': 'UnsplashDownloader', 'description': 'High-resolution photos from Unsplash.com', 'author': 'Peter Levi', 'version': '0.1'}'
INFO: 2020-05-19 23:19:33,003: _walk_modules() 'Jumble loading module in UrbanDictionarySource from /usr/lib/python3.8/site-packages/variety/plugins/builtin/quotes/UrbanDictionarySource.py'
INFO: 2020-05-19 23:19:33,004: load() 'Jumble found plugin class: <class 'UrbanDictionarySource.UrbanDictionarySource'>: {'name': 'Urban Dictionary', 'description': 'Displays definitions from Urban Dictionary', 'author': 'James Miller', 'version': '0.1'}'
INFO: 2020-05-19 23:19:33,004: _walk_modules() 'Jumble loading module in LocalFilesSource from /usr/lib/python3.8/site-packages/variety/plugins/builtin/quotes/LocalFilesSource.py'
INFO: 2020-05-19 23:19:33,004: load() 'Jumble found plugin class: <class 'LocalFilesSource.LocalFilesSource'>: {'name': 'Local text files', 'description': 'Displays quotes, defined in local text files.\nPut your own txt files in: ~/.config/variety/pluginconfig/quotes/.\nThe file format is:\n\nquote -- author\n.\nsecond quote -- another author\n.\netc...\n\nExample: http://rvelthuis.de/zips/quotes.txt', 'author': 'Peter Levi', 'version': '0.1'}'
INFO: 2020-05-19 23:19:33,004: _walk_modules() 'Jumble loading module in QuotationsPageSource from /usr/lib/python3.8/site-packages/variety/plugins/builtin/quotes/QuotationsPageSource.py'
INFO: 2020-05-19 23:19:33,008: load() 'Jumble found plugin class: <class 'QuotationsPageSource.QuotationsPageSource'>: {'name': 'TheQuotationsPage.com', 'description': 'Fetches quotes from TheQuotationsPage.com', 'author': 'Peter Levi', 'version': '0.1'}'
INFO: 2020-05-19 23:19:33,009: _walk_modules() 'Jumble loading module in GoodreadsSource from /usr/lib/python3.8/site-packages/variety/plugins/builtin/quotes/GoodreadsSource.py'
INFO: 2020-05-19 23:19:33,009: load() 'Jumble found plugin class: <class 'GoodreadsSource.GoodreadsSource'>: {'name': 'Goodreads', 'description': 'Fetches quotes from Goodreads.com', 'author': 'Peter Levi', 'version': '0.1'}'
INFO: 2020-05-19 23:19:33,009: _walk_modules() 'Jumble loading module in __init__ from /usr/lib/python3.8/site-packages/variety/plugins/builtin/quotes/__init__.py'
INFO: 2020-05-19 23:19:33,009: _walk_modules() 'Jumble loading module in FortuneSource from /usr/lib/python3.8/site-packages/variety/plugins/builtin/quotes/FortuneSource.py'
INFO: 2020-05-19 23:19:33,009: load() 'Jumble found plugin class: <class 'FortuneSource.FortuneSource'>: {'name': 'UNIX fortune program', 'description': 'Displays quotes using the UNIX fortune program. You may want to install additional fortune packs, e.g. fortunes-bofh-excuses.', 'author': 'Dan Jones', 'version': '0.1'}'
INFO: 2020-05-19 23:19:33,010: makedirs() 'Creating folder /home/vicyos/.config/variety/pluginconfig/downloaders'
INFO: 2020-05-19 23:19:33,011: makedirs() 'Creating folder /home/vicyos/.config/variety/Downloaded'
INFO: 2020-05-19 23:19:33,011: makedirs() 'Creating folder /home/vicyos/.config/variety/Favorites'
INFO: 2020-05-19 23:19:33,011: makedirs() 'Creating folder /home/vicyos/.config/variety/Fetched'
INFO: 2020-05-19 23:19:33,012: log_options() 'Loaded options:'
INFO: 2020-05-19 23:19:33,012: log_options() 'change_enabled = False'
INFO: 2020-05-19 23:19:33,012: log_options() 'change_interval = 300'
INFO: 2020-05-19 23:19:33,012: log_options() 'change_on_start = False'
INFO: 2020-05-19 23:19:33,012: log_options() 'clipboard_enabled = False'
INFO: 2020-05-19 23:19:33,012: log_options() 'clipboard_hosts = ['']'
INFO: 2020-05-19 23:19:33,012: log_options() 'clipboard_use_whitelist = True'
INFO: 2020-05-19 23:19:33,012: log_options() 'clock_date_font = Ubuntu Condensed, 30'
INFO: 2020-05-19 23:19:33,012: log_options() 'clock_enabled = False'
INFO: 2020-05-19 23:19:33,012: log_options() 'clock_filter = -density 100 -font `fc-match -f '%{file[0]}' '%CLOCK_FONT_NAME'` -pointsize %CLOCK_FONT_SIZE -gravity SouthEast -fill '#00000044' -annotate 0x0+[%HOFFSET+58]+[%VOFFSET+108] '%H:%M' -fill white -annotate 0x0+[%HOFFSET+60]+[%VOFFSET+110] '%H:%M' -font `fc-match -f '%{file[0]}' '%DATE_FONT_NAME'` -pointsize %DATE_FONT_SIZE -fill '#00000044' -annotate 0x0+[%HOFFSET+58]+[%VOFFSET+58] '%A, %B %d' -fill white -annotate 0x0+[%HOFFSET+60]+[%VOFFSET+60] '%A, %B %d''
INFO: 2020-05-19 23:19:33,012: log_options() 'clock_font = Ubuntu Condensed, Bold Italic 70'
INFO: 2020-05-19 23:19:33,012: log_options() 'configfile = /home/vicyos/.config/variety/variety.conf'
INFO: 2020-05-19 23:19:33,012: log_options() 'copyto_enabled = False'
INFO: 2020-05-19 23:19:33,012: log_options() 'copyto_folder = Default'
INFO: 2020-05-19 23:19:33,012: log_options() 'desired_color = [160, 160, 160]'
INFO: 2020-05-19 23:19:33,012: log_options() 'desired_color_enabled = False'
INFO: 2020-05-19 23:19:33,012: log_options() 'download_folder = /home/vicyos/.config/variety/Downloaded'
INFO: 2020-05-19 23:19:33,012: log_options() 'download_preference_ratio = 0.9'
INFO: 2020-05-19 23:19:33,012: log_options() 'favorites_folder = /home/vicyos/.config/variety/Favorites'
INFO: 2020-05-19 23:19:33,012: log_options() 'favorites_operations = [['Downloaded', 'Copy'], ['Fetched', 'Move'], ['Others', 'Copy']]'
INFO: 2020-05-19 23:19:33,012: log_options() 'fetched_folder = /home/vicyos/.config/variety/Fetched'
INFO: 2020-05-19 23:19:33,012: log_options() 'filters = [[False, 'Keep original', ''], [False, 'Grayscale', '-type Grayscale'], [False, 'Heavy blur', '-blur 120x40'], [False, 'Soft blur', '-blur 20x7'], [False, 'Oil painting', '-paint 8'], [False, 'Pointilism', '-spread 10 -noise 3'], [False, 'Pixellate', '-scale 3% -scale 3333%']]'
INFO: 2020-05-19 23:19:33,012: log_options() 'icon = Light'
INFO: 2020-05-19 23:19:33,012: log_options() 'lightness_enabled = False'
INFO: 2020-05-19 23:19:33,012: log_options() 'lightness_mode = 0'
INFO: 2020-05-19 23:19:33,012: log_options() 'min_rating = 4'
INFO: 2020-05-19 23:19:33,012: log_options() 'min_rating_enabled = False'
INFO: 2020-05-19 23:19:33,012: log_options() 'min_size = 80'
INFO: 2020-05-19 23:19:33,012: log_options() 'min_size_enabled = False'
INFO: 2020-05-19 23:19:33,012: log_options() 'quota_enabled = True'
INFO: 2020-05-19 23:19:33,012: log_options() 'quota_size = 1000'
INFO: 2020-05-19 23:19:33,012: log_options() 'quotes_authors = '
INFO: 2020-05-19 23:19:33,012: log_options() 'quotes_bg_color = [80, 80, 80]'
INFO: 2020-05-19 23:19:33,012: log_options() 'quotes_bg_opacity = 55'
INFO: 2020-05-19 23:19:33,012: log_options() 'quotes_change_enabled = False'
INFO: 2020-05-19 23:19:33,012: log_options() 'quotes_change_interval = 300'
INFO: 2020-05-19 23:19:33,012: log_options() 'quotes_disabled_sources = ['Goodreads', 'Local text files', 'TheQuotationsPage.com', 'UNIX fortune program', 'Urban Dictionary']'
INFO: 2020-05-19 23:19:33,012: log_options() 'quotes_enabled = False'
INFO: 2020-05-19 23:19:33,012: log_options() 'quotes_favorites_file = /home/vicyos/.config/variety/favorite_quotes.txt'
INFO: 2020-05-19 23:19:33,013: log_options() 'quotes_font = Bitstream Charter 30'
INFO: 2020-05-19 23:19:33,013: log_options() 'quotes_hpos = 9'
INFO: 2020-05-19 23:19:33,013: log_options() 'quotes_max_length = 250'
INFO: 2020-05-19 23:19:33,013: log_options() 'quotes_tags = '
INFO: 2020-05-19 23:19:33,013: log_options() 'quotes_text_color = [255, 255, 255]'
INFO: 2020-05-19 23:19:33,013: log_options() 'quotes_text_shadow = False'
INFO: 2020-05-19 23:19:33,013: log_options() 'quotes_vpos = 11'
INFO: 2020-05-19 23:19:33,013: log_options() 'quotes_width = 41'
INFO: 2020-05-19 23:19:33,013: log_options() 'safe_mode = False'
INFO: 2020-05-19 23:19:33,013: log_options() 'slideshow_custom_enabled = False'
INFO: 2020-05-19 23:19:33,013: log_options() 'slideshow_custom_folder = /home/vicyos/Pictures'
INFO: 2020-05-19 23:19:33,013: log_options() 'slideshow_downloads_enabled = False'
INFO: 2020-05-19 23:19:33,013: log_options() 'slideshow_fade = 0.4'
INFO: 2020-05-19 23:19:33,013: log_options() 'slideshow_favorites_enabled = True'
INFO: 2020-05-19 23:19:33,013: log_options() 'slideshow_mode = Fullscreen'
INFO: 2020-05-19 23:19:33,013: log_options() 'slideshow_monitor = All'
INFO: 2020-05-19 23:19:33,013: log_options() 'slideshow_pan = 0.05'
INFO: 2020-05-19 23:19:33,013: log_options() 'slideshow_seconds = 6.0'
INFO: 2020-05-19 23:19:33,013: log_options() 'slideshow_sort_order = Random'
INFO: 2020-05-19 23:19:33,013: log_options() 'slideshow_sources_enabled = True'
INFO: 2020-05-19 23:19:33,013: log_options() 'slideshow_zoom = 0.2'
INFO: 2020-05-19 23:19:33,013: log_options() 'smart_enabled = False'
INFO: 2020-05-19 23:19:33,013: log_options() 'smart_notice_shown = False'
INFO: 2020-05-19 23:19:33,013: log_options() 'smart_register_shown = False'
INFO: 2020-05-19 23:19:33,013: log_options() 'sources = [[False, 'favorites', 'The Favorites folder'], [False, 'fetched', 'The Fetched folder'], [True, 'folder', '/usr/share/backgrounds'], [False, 'flickr', 'user:www.flickr.com/photos/peter-levi/;user_id:93647178@N00;'], [False, 'apod', "NASA's Astronomy Picture of the Day"], [False, 'bing', 'Bing Photo of the Day'], [False, 'chromeos', 'Chrome OS Wallpapers'], [False, 'desktoppr', 'Random wallpapers from Desktoppr.co'], [False, 'earthview', 'Google Earth View Wallpapers'], [False, 'unsplash', 'High-resolution photos from Unsplash.com']]'
INFO: 2020-05-19 23:19:33,013: log_options() 'stats_enabled = True'
INFO: 2020-05-19 23:19:33,013: log_options() 'stats_notice_shown = False'
INFO: 2020-05-19 23:19:33,013: log_options() 'sync_enabled = True'
INFO: 2020-05-19 23:19:33,013: log_options() 'use_landscape_enabled = True'
INFO: 2020-05-19 23:19:33,013: reload_config() 'No need to clear prepared queue'
INFO: 2020-05-19 23:19:33,013: update_indicator() 'Setting file info to: /usr/share/backgrounds/arcolinux/marco_arco_wallpaper_009-1920x1080.jpg'
INFO: 2020-05-19 23:19:33,015: load_last_change_time() 'Change interval < 6 hours, ignore persisted last_change_time, wait initially the whole interval: 300'
INFO: 2020-05-19 23:19:33,015: update_indicator() 'Setting file info to: /usr/share/backgrounds/arcolinux/marco_arco_wallpaper_009-1920x1080.jpg'
INFO: 2020-05-19 23:19:33,015: regular_change_thread() 'regular_change thread running'
INFO: 2020-05-19 23:19:33,015: regular_change_thread() 'regular_change: waiting till user resumes'
INFO: 2020-05-19 23:19:33,016: prepare_thread() 'Prepare thread running'
INFO: 2020-05-19 23:19:33,016: prepare_thread() 'Prepared buffer contains 0 images'
INFO: 2020-05-19 23:19:33,016: prepare_thread() 'Preparing some images'
INFO: 2020-05-19 23:19:33,016: update_indicator_icon() 'Creating indicator'
WARNING: 2020-05-19 23:19:33,026: create_menu() 'Variety Slideshow is not installed. This is an optional extension adding pan-and-zoom slideshows to Variety: see https://github.com/peterlevi/variety-slideshow for details'
INFO: 2020-05-19 23:19:33,028: create_indicator() 'indicator backend: fallback tray'
INFO: 2020-05-19 23:19:33,040: prepare_thread() 'After search prepared buffer contains 30 images'
INFO: 2020-05-19 23:19:33,049: set_from_theme_icon() 'Showing status icon variety-indicator from GTK theme'
INFO: 2020-05-19 23:19:33,115: do_set_wp() 'Calling do_set_wp with /usr/share/backgrounds/arcolinux/marco_arco_wallpaper_009-1920x1080.jpg, time: 1589941173.1157258'
INFO: 2020-05-19 23:19:33,115: do_set_wp() 'Missing file or bad permissions, will not use it: /usr/share/backgrounds/arcolinux/marco_arco_wallpaper_009-1920x1080.jpg'
INFO: 2020-05-19 23:19:33,265: reload() 'Reloading preferences dialog'
INFO: 2020-05-19 23:19:35,041: trigger_download() 'Triggering download thread to check if download needed'
INFO: 2020-05-19 23:19:53,028: server_options_thread() 'Fetching server options from http://tiny.cc/variety-options-063'
INFO: 2020-05-19 23:19:53,976: server_options_thread() 'Fetched server options: {'flickr': {'min_fill_queue_interval': 1200, 'min_download_interval': 1200}, 'wallbase': {'min_fill_queue_interval': 1800, 'min_download_interval': 1800}, 'wallhaven': {'min_fill_queue_interval': 1800, 'min_download_interval': 1800}, 'wallpapers.net': {'min_fill_queue_interval': 601, 'min_download_interval': 0}, 'unsplash': {'min_fill_queue_interval': 20000000000, 'min_download_interval': 20000000000}, 'unsplash_v2': {'min_fill_queue_interval': 2000, 'min_download_interval': 1200}, 'status_message': {'0.0.1': '', '*': ''}}'
INFO: 2020-05-19 23:20:17,818: apply() 'Applying preferences'
INFO: 2020-05-19 23:20:17,824: set_visible() 'Showing status icon'
INFO: 2020-05-19 23:20:17,824: set_from_theme_icon() 'Showing status icon variety-indicator from GTK theme'
INFO: 2020-05-19 23:20:17,825: log_options() 'Loaded options:'
INFO: 2020-05-19 23:20:17,825: log_options() 'change_enabled = False'
INFO: 2020-05-19 23:20:17,825: log_options() 'change_interval = 300'
INFO: 2020-05-19 23:20:17,825: log_options() 'change_on_start = False'
INFO: 2020-05-19 23:20:17,825: log_options() 'clipboard_enabled = False'
INFO: 2020-05-19 23:20:17,825: log_options() 'clipboard_hosts = ['']'
INFO: 2020-05-19 23:20:17,825: log_options() 'clipboard_use_whitelist = True'
INFO: 2020-05-19 23:20:17,825: log_options() 'clock_date_font = Ubuntu Condensed, 30'
INFO: 2020-05-19 23:20:17,825: log_options() 'clock_enabled = False'
INFO: 2020-05-19 23:20:17,825: log_options() 'clock_filter = -density 100 -font `fc-match -f '%{file[0]}' '%CLOCK_FONT_NAME'` -pointsize %CLOCK_FONT_SIZE -gravity SouthEast -fill '#00000044' -annotate 0x0+[%HOFFSET+58]+[%VOFFSET+108] '%H:%M' -fill white -annotate 0x0+[%HOFFSET+60]+[%VOFFSET+110] '%H:%M' -font `fc-match -f '%{file[0]}' '%DATE_FONT_NAME'` -pointsize %DATE_FONT_SIZE -fill '#00000044' -annotate 0x0+[%HOFFSET+58]+[%VOFFSET+58] '%A, %B %d' -fill white -annotate 0x0+[%HOFFSET+60]+[%VOFFSET+60] '%A, %B %d''
INFO: 2020-05-19 23:20:17,825: log_options() 'clock_font = Ubuntu Condensed, Bold Italic 70'
INFO: 2020-05-19 23:20:17,825: log_options() 'configfile = /home/vicyos/.config/variety/variety.conf'
INFO: 2020-05-19 23:20:17,825: log_options() 'copyto_enabled = False'
INFO: 2020-05-19 23:20:17,825: log_options() 'copyto_folder = Default'
INFO: 2020-05-19 23:20:17,825: log_options() 'desired_color = [160, 160, 160]'
INFO: 2020-05-19 23:20:17,825: log_options() 'desired_color_enabled = False'
INFO: 2020-05-19 23:20:17,825: log_options() 'download_folder = /home/vicyos/.config/variety/Downloaded'
INFO: 2020-05-19 23:20:17,825: log_options() 'download_preference_ratio = 0.9'
INFO: 2020-05-19 23:20:17,825: log_options() 'favorites_folder = /home/vicyos/.config/variety/Favorites'
INFO: 2020-05-19 23:20:17,825: log_options() 'favorites_operations = [['Downloaded', 'Copy'], ['Fetched', 'Move'], ['Others', 'Copy']]'
INFO: 2020-05-19 23:20:17,825: log_options() 'fetched_folder = /home/vicyos/.config/variety/Fetched'
INFO: 2020-05-19 23:20:17,825: log_options() 'filters = [[False, 'Keep original', ''], [False, 'Grayscale', '-type Grayscale'], [False, 'Heavy blur', '-blur 120x40'], [False, 'Soft blur', '-blur 20x7'], [False, 'Oil painting', '-paint 8'], [False, 'Pointilism', '-spread 10 -noise 3'], [False, 'Pixellate', '-scale 3% -scale 3333%']]'
INFO: 2020-05-19 23:20:17,825: log_options() 'icon = Light'
INFO: 2020-05-19 23:20:17,825: log_options() 'lightness_enabled = False'
INFO: 2020-05-19 23:20:17,825: log_options() 'lightness_mode = 0'
INFO: 2020-05-19 23:20:17,825: log_options() 'min_rating = 4'
INFO: 2020-05-19 23:20:17,826: log_options() 'min_rating_enabled = False'
INFO: 2020-05-19 23:20:17,826: log_options() 'min_size = 80'
INFO: 2020-05-19 23:20:17,826: log_options() 'min_size_enabled = False'
INFO: 2020-05-19 23:20:17,826: log_options() 'quota_enabled = True'
INFO: 2020-05-19 23:20:17,826: log_options() 'quota_size = 1000'
INFO: 2020-05-19 23:20:17,826: log_options() 'quotes_authors = '
INFO: 2020-05-19 23:20:17,826: log_options() 'quotes_bg_color = [80, 80, 80]'
INFO: 2020-05-19 23:20:17,826: log_options() 'quotes_bg_opacity = 55'
INFO: 2020-05-19 23:20:17,826: log_options() 'quotes_change_enabled = False'
INFO: 2020-05-19 23:20:17,826: log_options() 'quotes_change_interval = 300'
INFO: 2020-05-19 23:20:17,826: log_options() 'quotes_disabled_sources = ['Goodreads', 'Local text files', 'TheQuotationsPage.com', 'UNIX fortune program', 'Urban Dictionary']'
INFO: 2020-05-19 23:20:17,826: log_options() 'quotes_enabled = False'
INFO: 2020-05-19 23:20:17,826: log_options() 'quotes_favorites_file = /home/vicyos/.config/variety/favorite_quotes.txt'
INFO: 2020-05-19 23:20:17,826: log_options() 'quotes_font = Bitstream Charter 30'
INFO: 2020-05-19 23:20:17,826: log_options() 'quotes_hpos = 9'
INFO: 2020-05-19 23:20:17,826: log_options() 'quotes_max_length = 250'
INFO: 2020-05-19 23:20:17,826: log_options() 'quotes_tags = '
INFO: 2020-05-19 23:20:17,826: log_options() 'quotes_text_color = [255, 255, 255]'
INFO: 2020-05-19 23:20:17,826: log_options() 'quotes_text_shadow = False'
INFO: 2020-05-19 23:20:17,826: log_options() 'quotes_vpos = 11'
INFO: 2020-05-19 23:20:17,826: log_options() 'quotes_width = 41'
INFO: 2020-05-19 23:20:17,826: log_options() 'safe_mode = False'
INFO: 2020-05-19 23:20:17,826: log_options() 'slideshow_custom_enabled = False'
INFO: 2020-05-19 23:20:17,826: log_options() 'slideshow_custom_folder = /home/vicyos/Pictures'
INFO: 2020-05-19 23:20:17,826: log_options() 'slideshow_downloads_enabled = False'
INFO: 2020-05-19 23:20:17,826: log_options() 'slideshow_fade = 0.4'
INFO: 2020-05-19 23:20:17,826: log_options() 'slideshow_favorites_enabled = True'
INFO: 2020-05-19 23:20:17,826: log_options() 'slideshow_mode = Fullscreen'
INFO: 2020-05-19 23:20:17,826: log_options() 'slideshow_monitor = All'
INFO: 2020-05-19 23:20:17,826: log_options() 'slideshow_pan = 0.05'
INFO: 2020-05-19 23:20:17,826: log_options() 'slideshow_seconds = 6.0'
INFO: 2020-05-19 23:20:17,826: log_options() 'slideshow_sort_order = Random'
INFO: 2020-05-19 23:20:17,826: log_options() 'slideshow_sources_enabled = True'
INFO: 2020-05-19 23:20:17,826: log_options() 'slideshow_zoom = 0.2'
INFO: 2020-05-19 23:20:17,826: log_options() 'smart_enabled = False'
INFO: 2020-05-19 23:20:17,827: log_options() 'smart_notice_shown = False'
INFO: 2020-05-19 23:20:17,827: log_options() 'smart_register_shown = False'
INFO: 2020-05-19 23:20:17,827: log_options() 'sources = [[False, 'favorites', 'The Favorites folder'], [False, 'fetched', 'The Fetched folder'], [False, 'folder', '/usr/share/backgrounds'], [False, 'flickr', 'user:www.flickr.com/photos/peter-levi/;user_id:93647178@N00;'], [False, 'apod', "NASA's Astronomy Picture of the Day"], [False, 'bing', 'Bing Photo of the Day'], [False, 'chromeos', 'Chrome OS Wallpapers'], [False, 'desktoppr', 'Random wallpapers from Desktoppr.co'], [False, 'earthview', 'Google Earth View Wallpapers'], [False, 'unsplash', 'High-resolution photos from Unsplash.com']]'
INFO: 2020-05-19 23:20:17,827: log_options() 'stats_enabled = True'
INFO: 2020-05-19 23:20:17,827: log_options() 'stats_notice_shown = False'
INFO: 2020-05-19 23:20:17,827: log_options() 'sync_enabled = True'
INFO: 2020-05-19 23:20:17,827: log_options() 'use_landscape_enabled = True'
INFO: 2020-05-19 23:20:17,827: clear_prepared_queue() 'Clearing prepared queue'
INFO: 2020-05-19 23:20:17,827: update_indicator() 'Setting file info to: /usr/share/backgrounds/arcolinux/marco_arco_wallpaper_009-1920x1080.jpg'
INFO: 2020-05-19 23:20:17,827: prepare_thread() 'Prepared buffer contains 0 images'
INFO: 2020-05-19 23:20:17,827: prepare_thread() 'Preparing some images'
INFO: 2020-05-19 23:20:17,827: prepare_thread() 'After search prepared buffer contains 0 images'
INFO: 2020-05-19 23:20:17,828: prepare_thread() 'Prepared buffer contains 0 images'
INFO: 2020-05-19 23:20:17,828: regular_change_thread() 'regular_change: waiting till user resumes'
INFO: 2020-05-19 23:20:17,828: prepare_thread() 'Preparing some images'
INFO: 2020-05-19 23:20:17,828: prepare_thread() 'After search prepared buffer contains 0 images'
INFO: 2020-05-19 23:20:17,928: do_set_wp() 'Calling do_set_wp with /usr/share/backgrounds/arcolinux/marco_arco_wallpaper_009-1920x1080.jpg, time: 1589941217.9286325'
INFO: 2020-05-19 23:20:17,928: do_set_wp() 'Missing file or bad permissions, will not use it: /usr/share/backgrounds/arcolinux/marco_arco_wallpaper_009-1920x1080.jpg'
INFO: 2020-05-19 23:20:18,022: list_files() 'More than 1 files in the folders, stop listing'
INFO: 2020-05-19 23:20:19,827: trigger_download() 'Triggering download thread to check if download needed'
INFO: 2020-05-19 23:20:19,828: trigger_download() 'Triggering download thread to check if download needed'
INFO: 2020-05-19 23:20:20,147: set_wallpaper() 'Calling set_wallpaper with /usr/share/backgrounds/vicyos-wallpapers/74901.jpg'
INFO: 2020-05-19 23:20:20,148: do_set_wp() 'Calling do_set_wp with /usr/share/backgrounds/vicyos-wallpapers/74901.jpg, time: 1589941220.1483483'
INFO: 2020-05-19 23:20:20,167: update_indicator() 'Setting file info to: /usr/share/backgrounds/vicyos-wallpapers/74901.jpg'
INFO: 2020-05-19 23:20:20,964: update_indicator() 'Setting file info to: /usr/share/backgrounds/vicyos-wallpapers/74901.jpg'
INFO: 2020-05-19 23:20:24,323: apply() 'Applying preferences'
INFO: 2020-05-19 23:20:24,335: set_visible() 'Showing status icon'
INFO: 2020-05-19 23:20:24,335: set_from_theme_icon() 'Showing status icon variety-indicator from GTK theme'
INFO: 2020-05-19 23:20:24,335: log_options() 'Loaded options:'
INFO: 2020-05-19 23:20:24,335: log_options() 'change_enabled = False'
INFO: 2020-05-19 23:20:24,335: log_options() 'change_interval = 300'
INFO: 2020-05-19 23:20:24,335: log_options() 'change_on_start = False'
INFO: 2020-05-19 23:20:24,335: log_options() 'clipboard_enabled = False'
INFO: 2020-05-19 23:20:24,335: log_options() 'clipboard_hosts = ['']'
INFO: 2020-05-19 23:20:24,335: log_options() 'clipboard_use_whitelist = True'
INFO: 2020-05-19 23:20:24,336: log_options() 'clock_date_font = Ubuntu Condensed, 30'
INFO: 2020-05-19 23:20:24,336: log_options() 'clock_enabled = False'
INFO: 2020-05-19 23:20:24,336: log_options() 'clock_filter = -density 100 -font `fc-match -f '%{file[0]}' '%CLOCK_FONT_NAME'` -pointsize %CLOCK_FONT_SIZE -gravity SouthEast -fill '#00000044' -annotate 0x0+[%HOFFSET+58]+[%VOFFSET+108] '%H:%M' -fill white -annotate 0x0+[%HOFFSET+60]+[%VOFFSET+110] '%H:%M' -font `fc-match -f '%{file[0]}' '%DATE_FONT_NAME'` -pointsize %DATE_FONT_SIZE -fill '#00000044' -annotate 0x0+[%HOFFSET+58]+[%VOFFSET+58] '%A, %B %d' -fill white -annotate 0x0+[%HOFFSET+60]+[%VOFFSET+60] '%A, %B %d''
INFO: 2020-05-19 23:20:24,336: log_options() 'clock_font = Ubuntu Condensed, Bold Italic 70'
INFO: 2020-05-19 23:20:24,336: log_options() 'configfile = /home/vicyos/.config/variety/variety.conf'
INFO: 2020-05-19 23:20:24,336: log_options() 'copyto_enabled = False'
INFO: 2020-05-19 23:20:24,336: log_options() 'copyto_folder = Default'
INFO: 2020-05-19 23:20:24,336: log_options() 'desired_color = [160, 160, 160]'
INFO: 2020-05-19 23:20:24,336: log_options() 'desired_color_enabled = False'
INFO: 2020-05-19 23:20:24,336: log_options() 'download_folder = /home/vicyos/.config/variety/Downloaded'
INFO: 2020-05-19 23:20:24,336: log_options() 'download_preference_ratio = 0.9'
INFO: 2020-05-19 23:20:24,336: log_options() 'favorites_folder = /home/vicyos/.config/variety/Favorites'
INFO: 2020-05-19 23:20:24,336: log_options() 'favorites_operations = [['Downloaded', 'Copy'], ['Fetched', 'Move'], ['Others', 'Copy']]'
INFO: 2020-05-19 23:20:24,336: log_options() 'fetched_folder = /home/vicyos/.config/variety/Fetched'
INFO: 2020-05-19 23:20:24,336: log_options() 'filters = [[False, 'Keep original', ''], [False, 'Grayscale', '-type Grayscale'], [False, 'Heavy blur', '-blur 120x40'], [False, 'Soft blur', '-blur 20x7'], [False, 'Oil painting', '-paint 8'], [False, 'Pointilism', '-spread 10 -noise 3'], [False, 'Pixellate', '-scale 3% -scale 3333%']]'
INFO: 2020-05-19 23:20:24,336: log_options() 'icon = Light'
INFO: 2020-05-19 23:20:24,336: log_options() 'lightness_enabled = False'
INFO: 2020-05-19 23:20:24,336: log_options() 'lightness_mode = 0'
INFO: 2020-05-19 23:20:24,336: log_options() 'min_rating = 4'
INFO: 2020-05-19 23:20:24,336: log_options() 'min_rating_enabled = False'
INFO: 2020-05-19 23:20:24,336: log_options() 'min_size = 80'
INFO: 2020-05-19 23:20:24,336: log_options() 'min_size_enabled = False'
INFO: 2020-05-19 23:20:24,336: log_options() 'quota_enabled = True'
INFO: 2020-05-19 23:20:24,336: log_options() 'quota_size = 1000'
INFO: 2020-05-19 23:20:24,336: log_options() 'quotes_authors = '
INFO: 2020-05-19 23:20:24,336: log_options() 'quotes_bg_color = [80, 80, 80]'
INFO: 2020-05-19 23:20:24,336: log_options() 'quotes_bg_opacity = 55'
INFO: 2020-05-19 23:20:24,336: log_options() 'quotes_change_enabled = False'
INFO: 2020-05-19 23:20:24,336: log_options() 'quotes_change_interval = 300'
INFO: 2020-05-19 23:20:24,336: log_options() 'quotes_disabled_sources = ['Goodreads', 'Local text files', 'TheQuotationsPage.com', 'UNIX fortune program', 'Urban Dictionary']'
INFO: 2020-05-19 23:20:24,336: log_options() 'quotes_enabled = False'
INFO: 2020-05-19 23:20:24,336: log_options() 'quotes_favorites_file = /home/vicyos/.config/variety/favorite_quotes.txt'
INFO: 2020-05-19 23:20:24,336: log_options() 'quotes_font = Bitstream Charter 30'
INFO: 2020-05-19 23:20:24,336: log_options() 'quotes_hpos = 9'
INFO: 2020-05-19 23:20:24,336: log_options() 'quotes_max_length = 250'
INFO: 2020-05-19 23:20:24,336: log_options() 'quotes_tags = '
INFO: 2020-05-19 23:20:24,336: log_options() 'quotes_text_color = [255, 255, 255]'
INFO: 2020-05-19 23:20:24,336: log_options() 'quotes_text_shadow = False'
INFO: 2020-05-19 23:20:24,336: log_options() 'quotes_vpos = 11'
INFO: 2020-05-19 23:20:24,336: log_options() 'quotes_width = 41'
INFO: 2020-05-19 23:20:24,336: log_options() 'safe_mode = False'
INFO: 2020-05-19 23:20:24,336: log_options() 'slideshow_custom_enabled = False'
INFO: 2020-05-19 23:20:24,336: log_options() 'slideshow_custom_folder = /home/vicyos/Pictures'
INFO: 2020-05-19 23:20:24,336: log_options() 'slideshow_downloads_enabled = False'
INFO: 2020-05-19 23:20:24,337: log_options() 'slideshow_fade = 0.4'
INFO: 2020-05-19 23:20:24,337: log_options() 'slideshow_favorites_enabled = True'
INFO: 2020-05-19 23:20:24,337: log_options() 'slideshow_mode = Fullscreen'
INFO: 2020-05-19 23:20:24,337: log_options() 'slideshow_monitor = All'
INFO: 2020-05-19 23:20:24,337: log_options() 'slideshow_pan = 0.05'
INFO: 2020-05-19 23:20:24,337: log_options() 'slideshow_seconds = 6.0'
INFO: 2020-05-19 23:20:24,337: log_options() 'slideshow_sort_order = Random'
INFO: 2020-05-19 23:20:24,337: log_options() 'slideshow_sources_enabled = True'
INFO: 2020-05-19 23:20:24,337: log_options() 'slideshow_zoom = 0.2'
INFO: 2020-05-19 23:20:24,337: log_options() 'smart_enabled = False'
INFO: 2020-05-19 23:20:24,337: log_options() 'smart_notice_shown = False'
INFO: 2020-05-19 23:20:24,337: log_options() 'smart_register_shown = False'
INFO: 2020-05-19 23:20:24,337: log_options() 'sources = [[True, 'favorites', 'The Favorites folder'], [False, 'fetched', 'The Fetched folder'], [False, 'folder', '/usr/share/backgrounds'], [False, 'flickr', 'user:www.flickr.com/photos/peter-levi/;user_id:93647178@N00;'], [False, 'apod', "NASA's Astronomy Picture of the Day"], [False, 'bing', 'Bing Photo of the Day'], [False, 'chromeos', 'Chrome OS Wallpapers'], [False, 'desktoppr', 'Random wallpapers from Desktoppr.co'], [False, 'earthview', 'Google Earth View Wallpapers'], [False, 'unsplash', 'High-resolution photos from Unsplash.com']]'
INFO: 2020-05-19 23:20:24,337: log_options() 'stats_enabled = True'
INFO: 2020-05-19 23:20:24,337: log_options() 'stats_notice_shown = False'
INFO: 2020-05-19 23:20:24,337: log_options() 'sync_enabled = True'
INFO: 2020-05-19 23:20:24,337: log_options() 'use_landscape_enabled = True'
INFO: 2020-05-19 23:20:24,337: clear_prepared_queue() 'Clearing prepared queue'
INFO: 2020-05-19 23:20:24,337: update_indicator() 'Setting file info to: /usr/share/backgrounds/vicyos-wallpapers/74901.jpg'
INFO: 2020-05-19 23:20:24,337: prepare_thread() 'Prepared buffer contains 0 images'
INFO: 2020-05-19 23:20:24,337: prepare_thread() 'Preparing some images'
INFO: 2020-05-19 23:20:24,337: prepare_thread() 'After search prepared buffer contains 0 images'
INFO: 2020-05-19 23:20:24,338: regular_change_thread() 'regular_change: waiting till user resumes'
INFO: 2020-05-19 23:20:24,338: prepare_thread() 'Prepared buffer contains 0 images'
INFO: 2020-05-19 23:20:24,338: prepare_thread() 'Preparing some images'
INFO: 2020-05-19 23:20:24,338: prepare_thread() 'After search prepared buffer contains 0 images'
INFO: 2020-05-19 23:20:24,438: do_set_wp() 'Calling do_set_wp with /usr/share/backgrounds/vicyos-wallpapers/74901.jpg, time: 1589941224.4387972'
INFO: 2020-05-19 23:20:24,464: update_indicator() 'Setting file info to: /usr/share/backgrounds/vicyos-wallpapers/74901.jpg'
INFO: 2020-05-19 23:20:26,338: trigger_download() 'Triggering download thread to check if download needed'
INFO: 2020-05-19 23:20:26,339: trigger_download() 'Triggering download thread to check if download needed'
INFO: 2020-05-19 23:20:29,253: process_command() 'Received command: ['-n']'
INFO: 2020-05-19 23:20:29,256: change_wallpaper() 'No images yet in prepared buffer, using some random image'
INFO: 2020-05-19 23:20:29,256: prepare_thread() 'Prepared buffer contains 0 images'
INFO: 2020-05-19 23:20:29,256: prepare_thread() 'Preparing some images'
INFO: 2020-05-19 23:20:29,256: prepare_thread() 'After search prepared buffer contains 0 images'
INFO: 2020-05-19 23:20:29,257: change_wallpaper() 'No images found'
INFO: 2020-05-19 23:20:30,254: process_command() 'Received command: ['-p']'
INFO: 2020-05-19 23:20:30,256: do_set_wp() 'Calling do_set_wp with /usr/share/backgrounds/arcolinux/marco_arco_wallpaper_009-1920x1080.jpg, time: 1589941230.2568662'
INFO: 2020-05-19 23:20:30,256: do_set_wp() 'Missing file or bad permissions, will not use it: /usr/share/backgrounds/arcolinux/marco_arco_wallpaper_009-1920x1080.jpg'
INFO: 2020-05-19 23:20:31,257: trigger_download() 'Triggering download thread to check if download needed'
INFO: 2020-05-19 23:20:42,165: apply() 'Applying preferences'
INFO: 2020-05-19 23:20:42,175: set_visible() 'Showing status icon'
INFO: 2020-05-19 23:20:42,176: set_from_theme_icon() 'Showing status icon variety-indicator from GTK theme'
INFO: 2020-05-19 23:20:42,176: log_options() 'Loaded options:'
INFO: 2020-05-19 23:20:42,176: log_options() 'change_enabled = False'
INFO: 2020-05-19 23:20:42,176: log_options() 'change_interval = 300'
INFO: 2020-05-19 23:20:42,176: log_options() 'change_on_start = False'
INFO: 2020-05-19 23:20:42,176: log_options() 'clipboard_enabled = False'
INFO: 2020-05-19 23:20:42,176: log_options() 'clipboard_hosts = ['']'
INFO: 2020-05-19 23:20:42,176: log_options() 'clipboard_use_whitelist = True'
INFO: 2020-05-19 23:20:42,176: log_options() 'clock_date_font = Ubuntu Condensed, 30'
INFO: 2020-05-19 23:20:42,176: log_options() 'clock_enabled = False'
INFO: 2020-05-19 23:20:42,176: log_options() 'clock_filter = -density 100 -font `fc-match -f '%{file[0]}' '%CLOCK_FONT_NAME'` -pointsize %CLOCK_FONT_SIZE -gravity SouthEast -fill '#00000044' -annotate 0x0+[%HOFFSET+58]+[%VOFFSET+108] '%H:%M' -fill white -annotate 0x0+[%HOFFSET+60]+[%VOFFSET+110] '%H:%M' -font `fc-match -f '%{file[0]}' '%DATE_FONT_NAME'` -pointsize %DATE_FONT_SIZE -fill '#00000044' -annotate 0x0+[%HOFFSET+58]+[%VOFFSET+58] '%A, %B %d' -fill white -annotate 0x0+[%HOFFSET+60]+[%VOFFSET+60] '%A, %B %d''
INFO: 2020-05-19 23:20:42,176: log_options() 'clock_font = Ubuntu Condensed, Bold Italic 70'
INFO: 2020-05-19 23:20:42,176: log_options() 'configfile = /home/vicyos/.config/variety/variety.conf'
INFO: 2020-05-19 23:20:42,176: log_options() 'copyto_enabled = False'
INFO: 2020-05-19 23:20:42,176: log_options() 'copyto_folder = Default'
INFO: 2020-05-19 23:20:42,176: log_options() 'desired_color = [160, 160, 160]'
INFO: 2020-05-19 23:20:42,176: log_options() 'desired_color_enabled = False'
INFO: 2020-05-19 23:20:42,176: log_options() 'download_folder = /home/vicyos/.config/variety/Downloaded'
INFO: 2020-05-19 23:20:42,176: log_options() 'download_preference_ratio = 0.9'
INFO: 2020-05-19 23:20:42,176: log_options() 'favorites_folder = /home/vicyos/.config/variety/wallpaper'
INFO: 2020-05-19 23:20:42,176: log_options() 'favorites_operations = [['Downloaded', 'Copy'], ['Fetched', 'Move'], ['Others', 'Copy']]'
INFO: 2020-05-19 23:20:42,176: log_options() 'fetched_folder = /home/vicyos/.config/variety/Fetched'
INFO: 2020-05-19 23:20:42,176: log_options() 'filters = [[False, 'Keep original', ''], [False, 'Grayscale', '-type Grayscale'], [False, 'Heavy blur', '-blur 120x40'], [False, 'Soft blur', '-blur 20x7'], [False, 'Oil painting', '-paint 8'], [False, 'Pointilism', '-spread 10 -noise 3'], [False, 'Pixellate', '-scale 3% -scale 3333%']]'
INFO: 2020-05-19 23:20:42,176: log_options() 'icon = Light'
INFO: 2020-05-19 23:20:42,176: log_options() 'lightness_enabled = False'
INFO: 2020-05-19 23:20:42,176: log_options() 'lightness_mode = 0'
INFO: 2020-05-19 23:20:42,176: log_options() 'min_rating = 4'
INFO: 2020-05-19 23:20:42,176: log_options() 'min_rating_enabled = False'
INFO: 2020-05-19 23:20:42,176: log_options() 'min_size = 80'
INFO: 2020-05-19 23:20:42,177: log_options() 'min_size_enabled = False'
INFO: 2020-05-19 23:20:42,177: log_options() 'quota_enabled = True'
INFO: 2020-05-19 23:20:42,177: log_options() 'quota_size = 1000'
INFO: 2020-05-19 23:20:42,177: log_options() 'quotes_authors = '
INFO: 2020-05-19 23:20:42,177: log_options() 'quotes_bg_color = [80, 80, 80]'
INFO: 2020-05-19 23:20:42,177: log_options() 'quotes_bg_opacity = 55'
INFO: 2020-05-19 23:20:42,177: log_options() 'quotes_change_enabled = False'
INFO: 2020-05-19 23:20:42,177: log_options() 'quotes_change_interval = 300'
INFO: 2020-05-19 23:20:42,177: log_options() 'quotes_disabled_sources = ['Goodreads', 'Local text files', 'TheQuotationsPage.com', 'UNIX fortune program', 'Urban Dictionary']'
INFO: 2020-05-19 23:20:42,177: log_options() 'quotes_enabled = False'
INFO: 2020-05-19 23:20:42,177: log_options() 'quotes_favorites_file = /home/vicyos/.config/variety/favorite_quotes.txt'
INFO: 2020-05-19 23:20:42,177: log_options() 'quotes_font = Bitstream Charter 30'
INFO: 2020-05-19 23:20:42,177: log_options() 'quotes_hpos = 9'
INFO: 2020-05-19 23:20:42,177: log_options() 'quotes_max_length = 250'
INFO: 2020-05-19 23:20:42,177: log_options() 'quotes_tags = '
INFO: 2020-05-19 23:20:42,177: log_options() 'quotes_text_color = [255, 255, 255]'
INFO: 2020-05-19 23:20:42,177: log_options() 'quotes_text_shadow = False'
INFO: 2020-05-19 23:20:42,177: log_options() 'quotes_vpos = 11'
INFO: 2020-05-19 23:20:42,177: log_options() 'quotes_width = 41'
INFO: 2020-05-19 23:20:42,177: log_options() 'safe_mode = False'
INFO: 2020-05-19 23:20:42,177: log_options() 'slideshow_custom_enabled = False'
INFO: 2020-05-19 23:20:42,177: log_options() 'slideshow_custom_folder = /home/vicyos/Pictures'
INFO: 2020-05-19 23:20:42,177: log_options() 'slideshow_downloads_enabled = False'
INFO: 2020-05-19 23:20:42,177: log_options() 'slideshow_fade = 0.4'
INFO: 2020-05-19 23:20:42,177: log_options() 'slideshow_favorites_enabled = True'
INFO: 2020-05-19 23:20:42,177: log_options() 'slideshow_mode = Fullscreen'
INFO: 2020-05-19 23:20:42,177: log_options() 'slideshow_monitor = All'
INFO: 2020-05-19 23:20:42,177: log_options() 'slideshow_pan = 0.05'
INFO: 2020-05-19 23:20:42,177: log_options() 'slideshow_seconds = 6.0'
INFO: 2020-05-19 23:20:42,177: log_options() 'slideshow_sort_order = Random'
INFO: 2020-05-19 23:20:42,177: log_options() 'slideshow_sources_enabled = True'
INFO: 2020-05-19 23:20:42,177: log_options() 'slideshow_zoom = 0.2'
INFO: 2020-05-19 23:20:42,177: log_options() 'smart_enabled = False'
INFO: 2020-05-19 23:20:42,177: log_options() 'smart_notice_shown = False'
INFO: 2020-05-19 23:20:42,177: log_options() 'smart_register_shown = False'
INFO: 2020-05-19 23:20:42,177: log_options() 'sources = [[True, 'favorites', 'The Favorites folder'], [False, 'fetched', 'The Fetched folder'], [False, 'folder', '/usr/share/backgrounds'], [False, 'flickr', 'user:www.flickr.com/photos/peter-levi/;user_id:93647178@N00;'], [False, 'apod', "NASA's Astronomy Picture of the Day"], [False, 'bing', 'Bing Photo of the Day'], [False, 'chromeos', 'Chrome OS Wallpapers'], [False, 'desktoppr', 'Random wallpapers from Desktoppr.co'], [False, 'earthview', 'Google Earth View Wallpapers'], [False, 'unsplash', 'High-resolution photos from Unsplash.com']]'
INFO: 2020-05-19 23:20:42,177: log_options() 'stats_enabled = True'
INFO: 2020-05-19 23:20:42,177: log_options() 'stats_notice_shown = False'
INFO: 2020-05-19 23:20:42,177: log_options() 'sync_enabled = True'
INFO: 2020-05-19 23:20:42,177: log_options() 'use_landscape_enabled = True'
INFO: 2020-05-19 23:20:42,177: reload_config() 'No need to clear prepared queue'
INFO: 2020-05-19 23:20:42,177: update_indicator() 'Setting file info to: /usr/share/backgrounds/vicyos-wallpapers/74901.jpg'
INFO: 2020-05-19 23:20:42,178: prepare_thread() 'Prepared buffer contains 0 images'
INFO: 2020-05-19 23:20:42,178: prepare_thread() 'Preparing some images'
INFO: 2020-05-19 23:20:42,178: regular_change_thread() 'regular_change: waiting till user resumes'
INFO: 2020-05-19 23:20:42,179: prepare_thread() 'After search prepared buffer contains 1 images'
INFO: 2020-05-19 23:20:42,278: do_set_wp() 'Calling do_set_wp with /usr/share/backgrounds/vicyos-wallpapers/74901.jpg, time: 1589941242.2789378'
INFO: 2020-05-19 23:20:42,303: update_indicator() 'Setting file info to: /usr/share/backgrounds/vicyos-wallpapers/74901.jpg'
INFO: 2020-05-19 23:20:44,179: trigger_download() 'Triggering download thread to check if download needed'
INFO: 2020-05-19 23:20:52,110: apply() 'Applying preferences'
INFO: 2020-05-19 23:20:52,116: set_visible() 'Showing status icon'
INFO: 2020-05-19 23:20:52,116: set_from_theme_icon() 'Showing status icon variety-indicator from GTK theme'
INFO: 2020-05-19 23:20:52,116: log_options() 'Loaded options:'
INFO: 2020-05-19 23:20:52,116: log_options() 'change_enabled = False'
INFO: 2020-05-19 23:20:52,116: log_options() 'change_interval = 300'
INFO: 2020-05-19 23:20:52,116: log_options() 'change_on_start = False'
INFO: 2020-05-19 23:20:52,116: log_options() 'clipboard_enabled = False'
INFO: 2020-05-19 23:20:52,116: log_options() 'clipboard_hosts = ['']'
INFO: 2020-05-19 23:20:52,116: log_options() 'clipboard_use_whitelist = True'
INFO: 2020-05-19 23:20:52,116: log_options() 'clock_date_font = Ubuntu Condensed, 30'
INFO: 2020-05-19 23:20:52,116: log_options() 'clock_enabled = False'
INFO: 2020-05-19 23:20:52,117: log_options() 'clock_filter = -density 100 -font `fc-match -f '%{file[0]}' '%CLOCK_FONT_NAME'` -pointsize %CLOCK_FONT_SIZE -gravity SouthEast -fill '#00000044' -annotate 0x0+[%HOFFSET+58]+[%VOFFSET+108] '%H:%M' -fill white -annotate 0x0+[%HOFFSET+60]+[%VOFFSET+110] '%H:%M' -font `fc-match -f '%{file[0]}' '%DATE_FONT_NAME'` -pointsize %DATE_FONT_SIZE -fill '#00000044' -annotate 0x0+[%HOFFSET+58]+[%VOFFSET+58] '%A, %B %d' -fill white -annotate 0x0+[%HOFFSET+60]+[%VOFFSET+60] '%A, %B %d''
INFO: 2020-05-19 23:20:52,117: log_options() 'clock_font = Ubuntu Condensed, Bold Italic 70'
INFO: 2020-05-19 23:20:52,117: log_options() 'configfile = /home/vicyos/.config/variety/variety.conf'
INFO: 2020-05-19 23:20:52,117: log_options() 'copyto_enabled = False'
INFO: 2020-05-19 23:20:52,117: log_options() 'copyto_folder = Default'
INFO: 2020-05-19 23:20:52,117: log_options() 'desired_color = [160, 160, 160]'
INFO: 2020-05-19 23:20:52,117: log_options() 'desired_color_enabled = False'
INFO: 2020-05-19 23:20:52,117: log_options() 'download_folder = /home/vicyos/.config/variety/Downloaded'
INFO: 2020-05-19 23:20:52,117: log_options() 'download_preference_ratio = 0.9'
INFO: 2020-05-19 23:20:52,117: log_options() 'favorites_folder = /home/vicyos/.config/variety/Favorites'
INFO: 2020-05-19 23:20:52,117: log_options() 'favorites_operations = [['Downloaded', 'Copy'], ['Fetched', 'Move'], ['Others', 'Copy']]'
INFO: 2020-05-19 23:20:52,117: log_options() 'fetched_folder = /home/vicyos/.config/variety/Fetched'
INFO: 2020-05-19 23:20:52,117: log_options() 'filters = [[False, 'Keep original', ''], [False, 'Grayscale', '-type Grayscale'], [False, 'Heavy blur', '-blur 120x40'], [False, 'Soft blur', '-blur 20x7'], [False, 'Oil painting', '-paint 8'], [False, 'Pointilism', '-spread 10 -noise 3'], [False, 'Pixellate', '-scale 3% -scale 3333%']]'
INFO: 2020-05-19 23:20:52,117: log_options() 'icon = Light'
INFO: 2020-05-19 23:20:52,117: log_options() 'lightness_enabled = False'
INFO: 2020-05-19 23:20:52,117: log_options() 'lightness_mode = 0'
INFO: 2020-05-19 23:20:52,118: log_options() 'min_rating = 4'
INFO: 2020-05-19 23:20:52,118: log_options() 'min_rating_enabled = False'
INFO: 2020-05-19 23:20:52,118: log_options() 'min_size = 80'
INFO: 2020-05-19 23:20:52,118: log_options() 'min_size_enabled = False'
INFO: 2020-05-19 23:20:52,118: log_options() 'quota_enabled = True'
INFO: 2020-05-19 23:20:52,118: log_options() 'quota_size = 1000'
INFO: 2020-05-19 23:20:52,118: log_options() 'quotes_authors = '
INFO: 2020-05-19 23:20:52,118: log_options() 'quotes_bg_color = [80, 80, 80]'
INFO: 2020-05-19 23:20:52,118: log_options() 'quotes_bg_opacity = 55'
INFO: 2020-05-19 23:20:52,118: log_options() 'quotes_change_enabled = False'
INFO: 2020-05-19 23:20:52,118: log_options() 'quotes_change_interval = 300'
INFO: 2020-05-19 23:20:52,118: log_options() 'quotes_disabled_sources = ['Goodreads', 'Local text files', 'TheQuotationsPage.com', 'UNIX fortune program', 'Urban Dictionary']'
INFO: 2020-05-19 23:20:52,118: log_options() 'quotes_enabled = False'
INFO: 2020-05-19 23:20:52,118: log_options() 'quotes_favorites_file = /home/vicyos/.config/variety/favorite_quotes.txt'
INFO: 2020-05-19 23:20:52,118: log_options() 'quotes_font = Bitstream Charter 30'
INFO: 2020-05-19 23:20:52,118: log_options() 'quotes_hpos = 9'
INFO: 2020-05-19 23:20:52,118: log_options() 'quotes_max_length = 250'
INFO: 2020-05-19 23:20:52,118: log_options() 'quotes_tags = '
INFO: 2020-05-19 23:20:52,118: log_options() 'quotes_text_color = [255, 255, 255]'
INFO: 2020-05-19 23:20:52,119: log_options() 'quotes_text_shadow = False'
INFO: 2020-05-19 23:20:52,119: log_options() 'quotes_vpos = 11'
INFO: 2020-05-19 23:20:52,119: log_options() 'quotes_width = 41'
INFO: 2020-05-19 23:20:52,119: log_options() 'safe_mode = False'
INFO: 2020-05-19 23:20:52,119: log_options() 'slideshow_custom_enabled = False'
INFO: 2020-05-19 23:20:52,119: log_options() 'slideshow_custom_folder = /home/vicyos/Pictures'
INFO: 2020-05-19 23:20:52,119: log_options() 'slideshow_downloads_enabled = False'
INFO: 2020-05-19 23:20:52,119: log_options() 'slideshow_fade = 0.4'
INFO: 2020-05-19 23:20:52,119: log_options() 'slideshow_favorites_enabled = True'
INFO: 2020-05-19 23:20:52,119: log_options() 'slideshow_mode = Fullscreen'
INFO: 2020-05-19 23:20:52,119: log_options() 'slideshow_monitor = All'
INFO: 2020-05-19 23:20:52,119: log_options() 'slideshow_pan = 0.05'
INFO: 2020-05-19 23:20:52,119: log_options() 'slideshow_seconds = 6.0'
INFO: 2020-05-19 23:20:52,119: log_options() 'slideshow_sort_order = Random'
INFO: 2020-05-19 23:20:52,119: log_options() 'slideshow_sources_enabled = True'
INFO: 2020-05-19 23:20:52,119: log_options() 'slideshow_zoom = 0.2'
INFO: 2020-05-19 23:20:52,119: log_options() 'smart_enabled = False'
INFO: 2020-05-19 23:20:52,119: log_options() 'smart_notice_shown = False'
INFO: 2020-05-19 23:20:52,119: log_options() 'smart_register_shown = False'
INFO: 2020-05-19 23:20:52,120: log_options() 'sources = [[True, 'favorites', 'The Favorites folder'], [False, 'fetched', 'The Fetched folder'], [False, 'folder', '/usr/share/backgrounds'], [False, 'flickr', 'user:www.flickr.com/photos/peter-levi/;user_id:93647178@N00;'], [False, 'apod', "NASA's Astronomy Picture of the Day"], [False, 'bing', 'Bing Photo of the Day'], [False, 'chromeos', 'Chrome OS Wallpapers'], [False, 'desktoppr', 'Random wallpapers from Desktoppr.co'], [False, 'earthview', 'Google Earth View Wallpapers'], [False, 'unsplash', 'High-resolution photos from Unsplash.com']]'
INFO: 2020-05-19 23:20:52,120: log_options() 'stats_enabled = True'
INFO: 2020-05-19 23:20:52,120: log_options() 'stats_notice_shown = False'
INFO: 2020-05-19 23:20:52,120: log_options() 'sync_enabled = True'
INFO: 2020-05-19 23:20:52,120: log_options() 'use_landscape_enabled = True'
INFO: 2020-05-19 23:20:52,120: reload_config() 'No need to clear prepared queue'
INFO: 2020-05-19 23:20:52,120: update_indicator() 'Setting file info to: /usr/share/backgrounds/vicyos-wallpapers/74901.jpg'
INFO: 2020-05-19 23:20:52,121: prepare_thread() 'Prepared buffer contains 1 images'
INFO: 2020-05-19 23:20:52,121: regular_change_thread() 'regular_change: waiting till user resumes'
INFO: 2020-05-19 23:20:52,221: do_set_wp() 'Calling do_set_wp with /usr/share/backgrounds/vicyos-wallpapers/74901.jpg, time: 1589941252.2216237'
INFO: 2020-05-19 23:20:52,242: update_indicator() 'Setting file info to: /usr/share/backgrounds/vicyos-wallpapers/74901.jpg'
INFO: 2020-05-19 23:20:53,843: apply() 'Applying preferences'
INFO: 2020-05-19 23:20:53,856: set_visible() 'Showing status icon'
INFO: 2020-05-19 23:20:53,856: log_options() 'Loaded options:'
INFO: 2020-05-19 23:20:53,856: log_options() 'change_enabled = False'
INFO: 2020-05-19 23:20:53,856: set_from_theme_icon() 'Showing status icon variety-indicator from GTK theme'
INFO: 2020-05-19 23:20:53,856: log_options() 'change_interval = 300'
INFO: 2020-05-19 23:20:53,856: log_options() 'change_on_start = False'
INFO: 2020-05-19 23:20:53,856: log_options() 'clipboard_enabled = False'
INFO: 2020-05-19 23:20:53,856: log_options() 'clipboard_hosts = ['']'
INFO: 2020-05-19 23:20:53,856: log_options() 'clipboard_use_whitelist = True'
INFO: 2020-05-19 23:20:53,856: log_options() 'clock_date_font = Ubuntu Condensed, 30'
INFO: 2020-05-19 23:20:53,856: log_options() 'clock_enabled = False'
INFO: 2020-05-19 23:20:53,856: log_options() 'clock_filter = -density 100 -font `fc-match -f '%{file[0]}' '%CLOCK_FONT_NAME'` -pointsize %CLOCK_FONT_SIZE -gravity SouthEast -fill '#00000044' -annotate 0x0+[%HOFFSET+58]+[%VOFFSET+108] '%H:%M' -fill white -annotate 0x0+[%HOFFSET+60]+[%VOFFSET+110] '%H:%M' -font `fc-match -f '%{file[0]}' '%DATE_FONT_NAME'` -pointsize %DATE_FONT_SIZE -fill '#00000044' -annotate 0x0+[%HOFFSET+58]+[%VOFFSET+58] '%A, %B %d' -fill white -annotate 0x0+[%HOFFSET+60]+[%VOFFSET+60] '%A, %B %d''
INFO: 2020-05-19 23:20:53,856: log_options() 'clock_font = Ubuntu Condensed, Bold Italic 70'
INFO: 2020-05-19 23:20:53,856: log_options() 'configfile = /home/vicyos/.config/variety/variety.conf'
INFO: 2020-05-19 23:20:53,856: log_options() 'copyto_enabled = False'
INFO: 2020-05-19 23:20:53,856: log_options() 'copyto_folder = Default'
INFO: 2020-05-19 23:20:53,856: log_options() 'desired_color = [160, 160, 160]'
INFO: 2020-05-19 23:20:53,856: log_options() 'desired_color_enabled = False'
INFO: 2020-05-19 23:20:53,856: log_options() 'download_folder = /home/vicyos/.config/variety/Downloaded'
INFO: 2020-05-19 23:20:53,856: log_options() 'download_preference_ratio = 0.9'
INFO: 2020-05-19 23:20:53,856: log_options() 'favorites_folder = /home/vicyos/.config/variety/Favorites'
INFO: 2020-05-19 23:20:53,857: log_options() 'favorites_operations = [['Downloaded', 'Copy'], ['Fetched', 'Move'], ['Others', 'Copy']]'
INFO: 2020-05-19 23:20:53,857: log_options() 'fetched_folder = /home/vicyos/.config/variety/Fetched'
INFO: 2020-05-19 23:20:53,857: log_options() 'filters = [[False, 'Keep original', ''], [False, 'Grayscale', '-type Grayscale'], [False, 'Heavy blur', '-blur 120x40'], [False, 'Soft blur', '-blur 20x7'], [False, 'Oil painting', '-paint 8'], [False, 'Pointilism', '-spread 10 -noise 3'], [False, 'Pixellate', '-scale 3% -scale 3333%']]'
INFO: 2020-05-19 23:20:53,857: log_options() 'icon = Light'
INFO: 2020-05-19 23:20:53,857: log_options() 'lightness_enabled = False'
INFO: 2020-05-19 23:20:53,857: log_options() 'lightness_mode = 0'
INFO: 2020-05-19 23:20:53,857: log_options() 'min_rating = 4'
INFO: 2020-05-19 23:20:53,857: log_options() 'min_rating_enabled = False'
INFO: 2020-05-19 23:20:53,857: log_options() 'min_size = 80'
INFO: 2020-05-19 23:20:53,857: log_options() 'min_size_enabled = False'
INFO: 2020-05-19 23:20:53,857: log_options() 'quota_enabled = True'
INFO: 2020-05-19 23:20:53,857: log_options() 'quota_size = 1000'
INFO: 2020-05-19 23:20:53,857: log_options() 'quotes_authors = '
INFO: 2020-05-19 23:20:53,857: log_options() 'quotes_bg_color = [80, 80, 80]'
INFO: 2020-05-19 23:20:53,857: log_options() 'quotes_bg_opacity = 55'
INFO: 2020-05-19 23:20:53,857: log_options() 'quotes_change_enabled = False'
INFO: 2020-05-19 23:20:53,857: log_options() 'quotes_change_interval = 300'
INFO: 2020-05-19 23:20:53,857: log_options() 'quotes_disabled_sources = ['Goodreads', 'Local text files', 'TheQuotationsPage.com', 'UNIX fortune program', 'Urban Dictionary']'
INFO: 2020-05-19 23:20:53,857: log_options() 'quotes_enabled = False'
INFO: 2020-05-19 23:20:53,857: log_options() 'quotes_favorites_file = /home/vicyos/.config/variety/favorite_quotes.txt'
INFO: 2020-05-19 23:20:53,857: log_options() 'quotes_font = Bitstream Charter 30'
INFO: 2020-05-19 23:20:53,857: log_options() 'quotes_hpos = 9'
INFO: 2020-05-19 23:20:53,857: log_options() 'quotes_max_length = 250'
INFO: 2020-05-19 23:20:53,857: log_options() 'quotes_tags = '
INFO: 2020-05-19 23:20:53,857: log_options() 'quotes_text_color = [255, 255, 255]'
INFO: 2020-05-19 23:20:53,857: log_options() 'quotes_text_shadow = False'
INFO: 2020-05-19 23:20:53,857: log_options() 'quotes_vpos = 11'
INFO: 2020-05-19 23:20:53,857: log_options() 'quotes_width = 41'
INFO: 2020-05-19 23:20:53,857: log_options() 'safe_mode = False'
INFO: 2020-05-19 23:20:53,857: log_options() 'slideshow_custom_enabled = False'
INFO: 2020-05-19 23:20:53,857: log_options() 'slideshow_custom_folder = /home/vicyos/Pictures'
INFO: 2020-05-19 23:20:53,857: log_options() 'slideshow_downloads_enabled = False'
INFO: 2020-05-19 23:20:53,857: log_options() 'slideshow_fade = 0.4'
INFO: 2020-05-19 23:20:53,857: log_options() 'slideshow_favorites_enabled = True'
INFO: 2020-05-19 23:20:53,857: log_options() 'slideshow_mode = Fullscreen'
INFO: 2020-05-19 23:20:53,857: log_options() 'slideshow_monitor = All'
INFO: 2020-05-19 23:20:53,857: log_options() 'slideshow_pan = 0.05'
INFO: 2020-05-19 23:20:53,857: log_options() 'slideshow_seconds = 6.0'
INFO: 2020-05-19 23:20:53,857: log_options() 'slideshow_sort_order = Random'
INFO: 2020-05-19 23:20:53,857: log_options() 'slideshow_sources_enabled = True'
INFO: 2020-05-19 23:20:53,857: log_options() 'slideshow_zoom = 0.2'
INFO: 2020-05-19 23:20:53,857: log_options() 'smart_enabled = False'
INFO: 2020-05-19 23:20:53,857: log_options() 'smart_notice_shown = False'
INFO: 2020-05-19 23:20:53,857: log_options() 'smart_register_shown = False'
INFO: 2020-05-19 23:20:53,858: log_options() 'sources = [[False, 'favorites', 'The Favorites folder'], [False, 'fetched', 'The Fetched folder'], [False, 'folder', '/usr/share/backgrounds'], [False, 'flickr', 'user:www.flickr.com/photos/peter-levi/;user_id:93647178@N00;'], [False, 'apod', "NASA's Astronomy Picture of the Day"], [False, 'bing', 'Bing Photo of the Day'], [False, 'chromeos', 'Chrome OS Wallpapers'], [False, 'desktoppr', 'Random wallpapers from Desktoppr.co'], [False, 'earthview', 'Google Earth View Wallpapers'], [False, 'unsplash', 'High-resolution photos from Unsplash.com']]'
INFO: 2020-05-19 23:20:53,858: log_options() 'stats_enabled = True'
INFO: 2020-05-19 23:20:53,858: log_options() 'stats_notice_shown = False'
INFO: 2020-05-19 23:20:53,858: log_options() 'sync_enabled = True'
INFO: 2020-05-19 23:20:53,858: log_options() 'use_landscape_enabled = True'
INFO: 2020-05-19 23:20:53,858: clear_prepared_queue() 'Clearing prepared queue'
INFO: 2020-05-19 23:20:53,858: update_indicator() 'Setting file info to: /usr/share/backgrounds/vicyos-wallpapers/74901.jpg'
INFO: 2020-05-19 23:20:53,858: prepare_thread() 'Prepared buffer contains 0 images'
INFO: 2020-05-19 23:20:53,858: prepare_thread() 'Preparing some images'
INFO: 2020-05-19 23:20:53,858: prepare_thread() 'After search prepared buffer contains 0 images'
INFO: 2020-05-19 23:20:53,859: regular_change_thread() 'regular_change: waiting till user resumes'
INFO: 2020-05-19 23:20:53,859: prepare_thread() 'Prepared buffer contains 0 images'
INFO: 2020-05-19 23:20:53,859: prepare_thread() 'Preparing some images'
INFO: 2020-05-19 23:20:53,859: prepare_thread() 'After search prepared buffer contains 0 images'
INFO: 2020-05-19 23:20:53,959: do_set_wp() 'Calling do_set_wp with /usr/share/backgrounds/vicyos-wallpapers/74901.jpg, time: 1589941253.9592888'
INFO: 2020-05-19 23:20:53,980: update_indicator() 'Setting file info to: /usr/share/backgrounds/vicyos-wallpapers/74901.jpg'
INFO: 2020-05-19 23:20:54,121: trigger_download() 'Triggering download thread to check if download needed'
INFO: 2020-05-19 23:20:55,858: trigger_download() 'Triggering download thread to check if download needed'
INFO: 2020-05-19 23:20:55,859: trigger_download() 'Triggering download thread to check if download needed'
INFO: 2020-05-19 23:20:55,941: list_files() 'More than 1 files in the folders, stop listing'
INFO: 2020-05-19 23:20:58,908: update_indicator() 'Setting file info to: /usr/share/backgrounds/vicyos-wallpapers/74901.jpg'
INFO: 2020-05-19 23:21:08,731: list_files() 'More than 1 files in the folders, stop listing'
INFO: 2020-05-19 23:21:11,575: set_wallpaper() 'Calling set_wallpaper with /usr/share/backgrounds/vicyos-wallpapers/74752.jpg'
INFO: 2020-05-19 23:21:11,576: do_set_wp() 'Calling do_set_wp with /usr/share/backgrounds/vicyos-wallpapers/74752.jpg, time: 1589941271.5765827'
INFO: 2020-05-19 23:21:11,600: update_indicator() 'Setting file info to: /usr/share/backgrounds/vicyos-wallpapers/74752.jpg'
INFO: 2020-05-19 23:21:15,464: set_wallpaper() 'Calling set_wallpaper with /usr/share/backgrounds/vicyos-wallpapers/438087.jpg'
INFO: 2020-05-19 23:21:15,464: do_set_wp() 'Calling do_set_wp with /usr/share/backgrounds/vicyos-wallpapers/438087.jpg, time: 1589941275.464666'
INFO: 2020-05-19 23:21:15,479: update_indicator() 'Setting file info to: /usr/share/backgrounds/vicyos-wallpapers/438087.jpg'
INFO: 2020-05-19 23:21:18,863: set_wallpaper() 'Calling set_wallpaper with /usr/share/backgrounds/vicyos-wallpapers/landscape7.png'
INFO: 2020-05-19 23:21:18,864: do_set_wp() 'Calling do_set_wp with /usr/share/backgrounds/vicyos-wallpapers/landscape7.png, time: 1589941278.864137'
INFO: 2020-05-19 23:21:18,880: update_indicator() 'Setting file info to: /usr/share/backgrounds/vicyos-wallpapers/landscape7.png'
INFO: 2020-05-19 23:21:21,827: update_indicator() 'Setting file info to: /usr/share/backgrounds/vicyos-wallpapers/landscape7.png'
INFO: 2020-05-19 23:21:22,356: trigger_download() 'Triggering download thread to check if download needed'
INFO: 2020-05-19 23:21:24,299: process_command() 'Received command: ['-n']'
INFO: 2020-05-19 23:21:24,301: change_wallpaper() 'No images yet in prepared buffer, using some random image'
INFO: 2020-05-19 23:21:24,302: change_wallpaper() 'No images found'
INFO: 2020-05-19 23:21:24,302: prepare_thread() 'Prepared buffer contains 0 images'
INFO: 2020-05-19 23:21:24,302: prepare_thread() 'Preparing some images'
INFO: 2020-05-19 23:21:24,302: prepare_thread() 'After search prepared buffer contains 0 images'
INFO: 2020-05-19 23:21:26,009: process_command() 'Received command: ['-n']'
INFO: 2020-05-19 23:21:26,012: change_wallpaper() 'No images yet in prepared buffer, using some random image'
INFO: 2020-05-19 23:21:26,012: change_wallpaper() 'No images found'
INFO: 2020-05-19 23:21:26,012: prepare_thread() 'Prepared buffer contains 0 images'
INFO: 2020-05-19 23:21:26,012: prepare_thread() 'Preparing some images'
INFO: 2020-05-19 23:21:26,012: prepare_thread() 'After search prepared buffer contains 0 images'
INFO: 2020-05-19 23:21:26,302: trigger_download() 'Triggering download thread to check if download needed'
INFO: 2020-05-19 23:21:26,853: process_command() 'Received command: ['-n']'
INFO: 2020-05-19 23:21:26,855: change_wallpaper() 'No images yet in prepared buffer, using some random image'
INFO: 2020-05-19 23:21:26,855: change_wallpaper() 'No images found'
INFO: 2020-05-19 23:21:26,855: prepare_thread() 'Prepared buffer contains 0 images'
INFO: 2020-05-19 23:21:26,855: prepare_thread() 'Preparing some images'
INFO: 2020-05-19 23:21:26,856: prepare_thread() 'After search prepared buffer contains 0 images'
INFO: 2020-05-19 23:21:27,266: process_command() 'Received command: ['-n']'
INFO: 2020-05-19 23:21:27,268: change_wallpaper() 'No images yet in prepared buffer, using some random image'
INFO: 2020-05-19 23:21:27,268: change_wallpaper() 'No images found'
INFO: 2020-05-19 23:21:27,269: prepare_thread() 'Prepared buffer contains 0 images'
INFO: 2020-05-19 23:21:27,269: prepare_thread() 'Preparing some images'
INFO: 2020-05-19 23:21:27,269: prepare_thread() 'After search prepared buffer contains 0 images'
INFO: 2020-05-19 23:21:27,518: process_command() 'Received command: ['-n']'
INFO: 2020-05-19 23:21:27,521: change_wallpaper() 'No images yet in prepared buffer, using some random image'
INFO: 2020-05-19 23:21:27,521: change_wallpaper() 'No images found'
INFO: 2020-05-19 23:21:27,521: prepare_thread() 'Prepared buffer contains 0 images'
INFO: 2020-05-19 23:21:27,521: prepare_thread() 'Preparing some images'
INFO: 2020-05-19 23:21:27,521: prepare_thread() 'After search prepared buffer contains 0 images'
INFO: 2020-05-19 23:21:28,012: trigger_download() 'Triggering download thread to check if download needed'
INFO: 2020-05-19 23:21:28,856: trigger_download() 'Triggering download thread to check if download needed'
INFO: 2020-05-19 23:21:29,269: trigger_download() 'Triggering download thread to check if download needed'
INFO: 2020-05-19 23:21:29,521: trigger_download() 'Triggering download thread to check if download needed'
INFO: 2020-05-19 23:21:33,409: change_wallpaper() 'No images yet in prepared buffer, using some random image'
INFO: 2020-05-19 23:21:33,410: change_wallpaper() 'No images found'
INFO: 2020-05-19 23:21:33,410: prepare_thread() 'Prepared buffer contains 0 images'
INFO: 2020-05-19 23:21:33,410: prepare_thread() 'Preparing some images'
INFO: 2020-05-19 23:21:33,411: prepare_thread() 'After search prepared buffer contains 0 images'
INFO: 2020-05-19 23:21:35,353: change_wallpaper() 'No images yet in prepared buffer, using some random image'
INFO: 2020-05-19 23:21:35,353: change_wallpaper() 'No images found'
INFO: 2020-05-19 23:21:35,354: prepare_thread() 'Prepared buffer contains 0 images'
INFO: 2020-05-19 23:21:35,354: prepare_thread() 'Preparing some images'
INFO: 2020-05-19 23:21:35,354: prepare_thread() 'After search prepared buffer contains 0 images'
INFO: 2020-05-19 23:21:35,411: trigger_download() 'Triggering download thread to check if download needed'
INFO: 2020-05-19 23:21:36,385: do_set_wp() 'Calling do_set_wp with /usr/share/backgrounds/vicyos-wallpapers/438087.jpg, time: 1589941296.385198'
INFO: 2020-05-19 23:21:36,408: update_indicator() 'Setting file info to: /usr/share/backgrounds/vicyos-wallpapers/438087.jpg'
INFO: 2020-05-19 23:21:37,355: trigger_download() 'Triggering download thread to check if download needed'
INFO: 2020-05-19 23:21:38,737: do_set_wp() 'Calling do_set_wp with /usr/share/backgrounds/vicyos-wallpapers/landscape7.png, time: 1589941298.7376983'
INFO: 2020-05-19 23:21:38,757: update_indicator() 'Setting file info to: /usr/share/backgrounds/vicyos-wallpapers/landscape7.png'
INFO: 2020-05-19 23:21:43,409: reload() 'Reloading preferences dialog'
INFO: 2020-05-19 23:21:55,394: list_files() 'More than 1 files in the folders, stop listing'
INFO: 2020-05-19 23:22:07,229: set_wallpaper() 'Calling set_wallpaper with /usr/share/backgrounds/vicyos-wallpapers/74880.jpg'
INFO: 2020-05-19 23:22:07,230: do_set_wp() 'Calling do_set_wp with /usr/share/backgrounds/vicyos-wallpapers/74880.jpg, time: 1589941327.2300258'
INFO: 2020-05-19 23:22:07,250: update_indicator() 'Setting file info to: /usr/share/backgrounds/vicyos-wallpapers/74880.jpg'
INFO: 2020-05-19 23:22:08,363: update_indicator() 'Setting file info to: /usr/share/backgrounds/vicyos-wallpapers/74880.jpg'
INFO: 2020-05-19 23:22:08,963: trigger_download() 'Triggering download thread to check if download needed'
INFO: 2020-05-19 23:22:11,435: process_command() 'Received command: ['-n']'
INFO: 2020-05-19 23:22:11,438: change_wallpaper() 'No images yet in prepared buffer, using some random image'
INFO: 2020-05-19 23:22:11,438: change_wallpaper() 'No images found'
INFO: 2020-05-19 23:22:11,438: prepare_thread() 'Prepared buffer contains 0 images'
INFO: 2020-05-19 23:22:11,438: prepare_thread() 'Preparing some images'
INFO: 2020-05-19 23:22:11,438: prepare_thread() 'After search prepared buffer contains 0 images'
INFO: 2020-05-19 23:22:13,438: trigger_download() 'Triggering download thread to check if download needed'
INFO: 2020-05-19 23:22:13,917: process_command() 'Received command: ['-n']'
INFO: 2020-05-19 23:22:13,919: change_wallpaper() 'No images yet in prepared buffer, using some random image'
INFO: 2020-05-19 23:22:13,919: change_wallpaper() 'No images found'
INFO: 2020-05-19 23:22:13,919: prepare_thread() 'Prepared buffer contains 0 images'
INFO: 2020-05-19 23:22:13,920: prepare_thread() 'Preparing some images'
INFO: 2020-05-19 23:22:13,920: prepare_thread() 'After search prepared buffer contains 0 images'
INFO: 2020-05-19 23:22:15,920: trigger_download() 'Triggering download thread to check if download needed'
INFO: 2020-05-19 23:22:26,408: reload() 'Reloading preferences dialog'
INFO: 2020-05-19 23:22:28,353: list_files() 'More than 1 files in the folders, stop listing'
INFO: 2020-05-19 23:22:30,795: update_indicator() 'Setting file info to: /usr/share/backgrounds/vicyos-wallpapers/74880.jpg'
INFO: 2020-05-19 23:22:32,263: apply() 'Applying preferences'
INFO: 2020-05-19 23:22:32,272: log_options() 'Loaded options:'
INFO: 2020-05-19 23:22:32,272: log_options() 'change_enabled = False'
INFO: 2020-05-19 23:22:32,273: log_options() 'change_interval = 300'
INFO: 2020-05-19 23:22:32,273: log_options() 'change_on_start = False'
INFO: 2020-05-19 23:22:32,273: log_options() 'clipboard_enabled = False'
INFO: 2020-05-19 23:22:32,273: log_options() 'clipboard_hosts = ['']'
INFO: 2020-05-19 23:22:32,273: log_options() 'clipboard_use_whitelist = True'
INFO: 2020-05-19 23:22:32,273: log_options() 'clock_date_font = Ubuntu Condensed, 30'
INFO: 2020-05-19 23:22:32,273: log_options() 'clock_enabled = False'
INFO: 2020-05-19 23:22:32,273: log_options() 'clock_filter = -density 100 -font `fc-match -f '%{file[0]}' '%CLOCK_FONT_NAME'` -pointsize %CLOCK_FONT_SIZE -gravity SouthEast -fill '#00000044' -annotate 0x0+[%HOFFSET+58]+[%VOFFSET+108] '%H:%M' -fill white -annotate 0x0+[%HOFFSET+60]+[%VOFFSET+110] '%H:%M' -font `fc-match -f '%{file[0]}' '%DATE_FONT_NAME'` -pointsize %DATE_FONT_SIZE -fill '#00000044' -annotate 0x0+[%HOFFSET+58]+[%VOFFSET+58] '%A, %B %d' -fill white -annotate 0x0+[%HOFFSET+60]+[%VOFFSET+60] '%A, %B %d''
INFO: 2020-05-19 23:22:32,273: log_options() 'clock_font = Ubuntu Condensed, Bold Italic 70'
INFO: 2020-05-19 23:22:32,273: log_options() 'configfile = /home/vicyos/.config/variety/variety.conf'
INFO: 2020-05-19 23:22:32,273: log_options() 'copyto_enabled = False'
INFO: 2020-05-19 23:22:32,273: log_options() 'copyto_folder = Default'
INFO: 2020-05-19 23:22:32,273: log_options() 'desired_color = [160, 160, 160]'
INFO: 2020-05-19 23:22:32,273: log_options() 'desired_color_enabled = False'
INFO: 2020-05-19 23:22:32,273: log_options() 'download_folder = /home/vicyos/.config/variety/Downloaded'
INFO: 2020-05-19 23:22:32,273: log_options() 'download_preference_ratio = 0.9'
INFO: 2020-05-19 23:22:32,273: log_options() 'favorites_folder = /home/vicyos/.config/variety/Favorites'
INFO: 2020-05-19 23:22:32,273: log_options() 'favorites_operations = [['Downloaded', 'Copy'], ['Fetched', 'Move'], ['Others', 'Copy']]'
INFO: 2020-05-19 23:22:32,273: log_options() 'fetched_folder = /home/vicyos/.config/variety/Fetched'
INFO: 2020-05-19 23:22:32,273: log_options() 'filters = [[False, 'Keep original', ''], [False, 'Grayscale', '-type Grayscale'], [False, 'Heavy blur', '-blur 120x40'], [False, 'Soft blur', '-blur 20x7'], [False, 'Oil painting', '-paint 8'], [False, 'Pointilism', '-spread 10 -noise 3'], [False, 'Pixellate', '-scale 3% -scale 3333%']]'
INFO: 2020-05-19 23:22:32,273: log_options() 'icon = Light'
INFO: 2020-05-19 23:22:32,273: log_options() 'lightness_enabled = False'
INFO: 2020-05-19 23:22:32,273: log_options() 'lightness_mode = 0'
INFO: 2020-05-19 23:22:32,273: log_options() 'min_rating = 4'
INFO: 2020-05-19 23:22:32,273: log_options() 'min_rating_enabled = False'
INFO: 2020-05-19 23:22:32,273: log_options() 'min_size = 80'
INFO: 2020-05-19 23:22:32,273: log_options() 'min_size_enabled = False'
INFO: 2020-05-19 23:22:32,273: log_options() 'quota_enabled = True'
INFO: 2020-05-19 23:22:32,273: log_options() 'quota_size = 1000'
INFO: 2020-05-19 23:22:32,273: log_options() 'quotes_authors = '
INFO: 2020-05-19 23:22:32,273: log_options() 'quotes_bg_color = [80, 80, 80]'
INFO: 2020-05-19 23:22:32,273: log_options() 'quotes_bg_opacity = 55'
INFO: 2020-05-19 23:22:32,273: log_options() 'quotes_change_enabled = False'
INFO: 2020-05-19 23:22:32,273: log_options() 'quotes_change_interval = 300'
INFO: 2020-05-19 23:22:32,273: log_options() 'quotes_disabled_sources = ['Goodreads', 'Local text files', 'TheQuotationsPage.com', 'UNIX fortune program', 'Urban Dictionary']'
INFO: 2020-05-19 23:22:32,273: log_options() 'quotes_enabled = False'
INFO: 2020-05-19 23:22:32,273: log_options() 'quotes_favorites_file = /home/vicyos/.config/variety/favorite_quotes.txt'
INFO: 2020-05-19 23:22:32,273: log_options() 'quotes_font = Bitstream Charter 30'
INFO: 2020-05-19 23:22:32,273: log_options() 'quotes_hpos = 9'
INFO: 2020-05-19 23:22:32,273: log_options() 'quotes_max_length = 250'
INFO: 2020-05-19 23:22:32,273: log_options() 'quotes_tags = '
INFO: 2020-05-19 23:22:32,273: log_options() 'quotes_text_color = [255, 255, 255]'
INFO: 2020-05-19 23:22:32,273: log_options() 'quotes_text_shadow = False'
INFO: 2020-05-19 23:22:32,274: log_options() 'quotes_vpos = 11'
INFO: 2020-05-19 23:22:32,274: log_options() 'quotes_width = 41'
INFO: 2020-05-19 23:22:32,274: log_options() 'safe_mode = False'
INFO: 2020-05-19 23:22:32,274: log_options() 'slideshow_custom_enabled = False'
INFO: 2020-05-19 23:22:32,274: log_options() 'slideshow_custom_folder = /home/vicyos/Pictures'
INFO: 2020-05-19 23:22:32,274: log_options() 'slideshow_downloads_enabled = False'
INFO: 2020-05-19 23:22:32,274: log_options() 'slideshow_fade = 0.4'
INFO: 2020-05-19 23:22:32,274: log_options() 'slideshow_favorites_enabled = True'
INFO: 2020-05-19 23:22:32,274: log_options() 'slideshow_mode = Fullscreen'
INFO: 2020-05-19 23:22:32,274: log_options() 'slideshow_monitor = All'
INFO: 2020-05-19 23:22:32,274: log_options() 'slideshow_pan = 0.05'
INFO: 2020-05-19 23:22:32,274: log_options() 'slideshow_seconds = 6.0'
INFO: 2020-05-19 23:22:32,274: log_options() 'slideshow_sort_order = Random'
INFO: 2020-05-19 23:22:32,274: log_options() 'slideshow_sources_enabled = True'
INFO: 2020-05-19 23:22:32,274: log_options() 'slideshow_zoom = 0.2'
INFO: 2020-05-19 23:22:32,274: log_options() 'smart_enabled = False'
INFO: 2020-05-19 23:22:32,274: log_options() 'smart_notice_shown = False'
INFO: 2020-05-19 23:22:32,274: log_options() 'smart_register_shown = False'
INFO: 2020-05-19 23:22:32,274: log_options() 'sources = [[False, 'favorites', 'The Favorites folder'], [False, 'fetched', 'The Fetched folder'], [True, 'folder', '/usr/share/backgrounds'], [False, 'flickr', 'user:www.flickr.com/photos/peter-levi/;user_id:93647178@N00;'], [False, 'apod', "NASA's Astronomy Picture of the Day"], [False, 'bing', 'Bing Photo of the Day'], [False, 'chromeos', 'Chrome OS Wallpapers'], [False, 'desktoppr', 'Random wallpapers from Desktoppr.co'], [False, 'earthview', 'Google Earth View Wallpapers'], [False, 'unsplash', 'High-resolution photos from Unsplash.com']]'
INFO: 2020-05-19 23:22:32,274: log_options() 'stats_enabled = True'
INFO: 2020-05-19 23:22:32,274: log_options() 'stats_notice_shown = False'
INFO: 2020-05-19 23:22:32,274: log_options() 'sync_enabled = True'
INFO: 2020-05-19 23:22:32,274: log_options() 'use_landscape_enabled = True'
INFO: 2020-05-19 23:22:32,274: clear_prepared_queue() 'Clearing prepared queue'
INFO: 2020-05-19 23:22:32,274: update_indicator() 'Setting file info to: /usr/share/backgrounds/vicyos-wallpapers/74880.jpg'
INFO: 2020-05-19 23:22:32,274: prepare_thread() 'Prepared buffer contains 0 images'
INFO: 2020-05-19 23:22:32,274: prepare_thread() 'Preparing some images'
INFO: 2020-05-19 23:22:32,275: regular_change_thread() 'regular_change: waiting till user resumes'
INFO: 2020-05-19 23:22:32,277: prepare_thread() 'After search prepared buffer contains 30 images'
INFO: 2020-05-19 23:22:32,277: prepare_thread() 'Prepared buffer contains 30 images'
INFO: 2020-05-19 23:22:32,278: set_visible() 'Showing status icon'
INFO: 2020-05-19 23:22:32,278: set_from_theme_icon() 'Showing status icon variety-indicator from GTK theme'
INFO: 2020-05-19 23:22:32,375: do_set_wp() 'Calling do_set_wp with /usr/share/backgrounds/vicyos-wallpapers/74880.jpg, time: 1589941352.3756626'
INFO: 2020-05-19 23:22:32,394: update_indicator() 'Setting file info to: /usr/share/backgrounds/vicyos-wallpapers/74880.jpg'
INFO: 2020-05-19 23:22:33,895: trigger_download() 'Triggering download thread to check if download needed'
INFO: 2020-05-19 23:22:34,278: trigger_download() 'Triggering download thread to check if download needed'
INFO: 2020-05-19 23:22:34,278: trigger_download() 'Triggering download thread to check if download needed'
INFO: 2020-05-19 23:22:35,071: process_command() 'Received command: ['-n']'
INFO: 2020-05-19 23:22:35,073: set_wallpaper() 'Calling set_wallpaper with /usr/share/backgrounds/vicyos-wallpapers/121440.jpg'
INFO: 2020-05-19 23:22:35,074: prepare_thread() 'Prepared buffer contains 29 images'
INFO: 2020-05-19 23:22:35,074: do_set_wp() 'Calling do_set_wp with /usr/share/backgrounds/vicyos-wallpapers/121440.jpg, time: 1589941355.0744364'
INFO: 2020-05-19 23:22:35,090: update_indicator() 'Setting file info to: /usr/share/backgrounds/vicyos-wallpapers/121440.jpg'
INFO: 2020-05-19 23:22:36,495: process_command() 'Received command: ['-n']'
INFO: 2020-05-19 23:22:36,498: set_wallpaper() 'Calling set_wallpaper with /usr/share/backgrounds/vicyos-wallpapers/593985.jpg'
INFO: 2020-05-19 23:22:36,498: do_set_wp() 'Calling do_set_wp with /usr/share/backgrounds/vicyos-wallpapers/593985.jpg, time: 1589941356.4987528'
INFO: 2020-05-19 23:22:36,498: prepare_thread() 'Prepared buffer contains 28 images'
INFO: 2020-05-19 23:22:36,515: update_indicator() 'Setting file info to: /usr/share/backgrounds/vicyos-wallpapers/593985.jpg'
INFO: 2020-05-19 23:22:37,074: trigger_download() 'Triggering download thread to check if download needed'
INFO: 2020-05-19 23:22:38,499: trigger_download() 'Triggering download thread to check if download needed'
INFO: 2020-05-19 23:22:39,585: process_command() 'Received command: ['-n']'
INFO: 2020-05-19 23:22:39,588: set_wallpaper() 'Calling set_wallpaper with /usr/share/backgrounds/vicyos-wallpapers/121420.jpg'
INFO: 2020-05-19 23:22:39,588: prepare_thread() 'Prepared buffer contains 27 images'
INFO: 2020-05-19 23:22:39,588: do_set_wp() 'Calling do_set_wp with /usr/share/backgrounds/vicyos-wallpapers/121420.jpg, time: 1589941359.5887854'
INFO: 2020-05-19 23:22:39,606: update_indicator() 'Setting file info to: /usr/share/backgrounds/vicyos-wallpapers/121420.jpg'
INFO: 2020-05-19 23:22:41,273: process_command() 'Received command: ['-p']'
INFO: 2020-05-19 23:22:41,276: do_set_wp() 'Calling do_set_wp with /usr/share/backgrounds/vicyos-wallpapers/593985.jpg, time: 1589941361.2761662'
INFO: 2020-05-19 23:22:41,292: update_indicator() 'Setting file info to: /usr/share/backgrounds/vicyos-wallpapers/593985.jpg'
INFO: 2020-05-19 23:22:41,589: trigger_download() 'Triggering download thread to check if download needed'
INFO: 2020-05-19 23:22:43,551: process_command() 'Received command: ['-n']'
INFO: 2020-05-19 23:22:43,554: do_set_wp() 'Calling do_set_wp with /usr/share/backgrounds/vicyos-wallpapers/121420.jpg, time: 1589941363.554588'
INFO: 2020-05-19 23:22:43,570: update_indicator() 'Setting file info to: /usr/share/backgrounds/vicyos-wallpapers/121420.jpg'
INFO: 2020-05-19 23:22:44,766: process_command() 'Received command: ['-p']'
INFO: 2020-05-19 23:22:44,769: do_set_wp() 'Calling do_set_wp with /usr/share/backgrounds/vicyos-wallpapers/593985.jpg, time: 1589941364.7693837'
INFO: 2020-05-19 23:22:44,785: update_indicator() 'Setting file info to: /usr/share/backgrounds/vicyos-wallpapers/593985.jpg'
INFO: 2020-05-19 23:22:47,877: process_command() 'Received command: ['-n']'
INFO: 2020-05-19 23:22:47,880: do_set_wp() 'Calling do_set_wp with /usr/share/backgrounds/vicyos-wallpapers/121420.jpg, time: 1589941367.8802633'
INFO: 2020-05-19 23:22:47,896: update_indicator() 'Setting file info to: /usr/share/backgrounds/vicyos-wallpapers/121420.jpg'
INFO: 2020-05-19 23:22:49,137: process_command() 'Received command: ['-n']'
INFO: 2020-05-19 23:22:49,140: set_wallpaper() 'Calling set_wallpaper with /usr/share/backgrounds/vicyos-wallpapers/74780.jpg'
INFO: 2020-05-19 23:22:49,140: prepare_thread() 'Prepared buffer contains 26 images'
INFO: 2020-05-19 23:22:49,140: do_set_wp() 'Calling do_set_wp with /usr/share/backgrounds/vicyos-wallpapers/74780.jpg, time: 1589941369.1405451'
INFO: 2020-05-19 23:22:49,156: update_indicator() 'Setting file info to: /usr/share/backgrounds/vicyos-wallpapers/74780.jpg'
INFO: 2020-05-19 23:22:51,080: process_command() 'Received command: ['-n']'
INFO: 2020-05-19 23:22:51,082: set_wallpaper() 'Calling set_wallpaper with /usr/share/backgrounds/vicyos-wallpapers/121411.jpg'
INFO: 2020-05-19 23:22:51,083: do_set_wp() 'Calling do_set_wp with /usr/share/backgrounds/vicyos-wallpapers/121411.jpg, time: 1589941371.0831175'
INFO: 2020-05-19 23:22:51,083: prepare_thread() 'Prepared buffer contains 25 images'
INFO: 2020-05-19 23:22:51,100: update_indicator() 'Setting file info to: /usr/share/backgrounds/vicyos-wallpapers/121411.jpg'
INFO: 2020-05-19 23:22:51,140: trigger_download() 'Triggering download thread to check if download needed'
INFO: 2020-05-19 23:22:52,775: process_command() 'Received command: ['-n']'
INFO: 2020-05-19 23:22:52,778: set_wallpaper() 'Calling set_wallpaper with /usr/share/backgrounds/vicyos-wallpapers/593513.jpg'
INFO: 2020-05-19 23:22:52,778: prepare_thread() 'Prepared buffer contains 24 images'
INFO: 2020-05-19 23:22:52,778: do_set_wp() 'Calling do_set_wp with /usr/share/backgrounds/vicyos-wallpapers/593513.jpg, time: 1589941372.7784822'
INFO: 2020-05-19 23:22:52,794: update_indicator() 'Setting file info to: /usr/share/backgrounds/vicyos-wallpapers/593513.jpg'
INFO: 2020-05-19 23:22:53,083: trigger_download() 'Triggering download thread to check if download needed'
INFO: 2020-05-19 23:22:54,599: process_command() 'Received command: ['-n']'
INFO: 2020-05-19 23:22:54,602: set_wallpaper() 'Calling set_wallpaper with /usr/share/backgrounds/vicyos-wallpapers/74834.jpg'
INFO: 2020-05-19 23:22:54,602: prepare_thread() 'Prepared buffer contains 23 images'
INFO: 2020-05-19 23:22:54,603: do_set_wp() 'Calling do_set_wp with /usr/share/backgrounds/vicyos-wallpapers/74834.jpg, time: 1589941374.6031175'
INFO: 2020-05-19 23:22:54,619: update_indicator() 'Setting file info to: /usr/share/backgrounds/vicyos-wallpapers/74834.jpg'
INFO: 2020-05-19 23:22:54,778: trigger_download() 'Triggering download thread to check if download needed'
INFO: 2020-05-19 23:22:56,603: trigger_download() 'Triggering download thread to check if download needed'
INFO: 2020-05-19 23:22:56,847: process_command() 'Received command: ['-n']'
INFO: 2020-05-19 23:22:56,850: set_wallpaper() 'Calling set_wallpaper with /usr/share/backgrounds/vicyos-wallpapers/7280.jpg'
INFO: 2020-05-19 23:22:56,850: prepare_thread() 'Prepared buffer contains 22 images'
INFO: 2020-05-19 23:22:56,851: do_set_wp() 'Calling do_set_wp with /usr/share/backgrounds/vicyos-wallpapers/7280.jpg, time: 1589941376.8510737'
INFO: 2020-05-19 23:22:56,867: update_indicator() 'Setting file info to: /usr/share/backgrounds/vicyos-wallpapers/7280.jpg'
INFO: 2020-05-19 23:22:58,674: process_command() 'Received command: ['-n']'
INFO: 2020-05-19 23:22:58,676: set_wallpaper() 'Calling set_wallpaper with /usr/share/backgrounds/vicyos-wallpapers/74901.jpg'
INFO: 2020-05-19 23:22:58,676: prepare_thread() 'Prepared buffer contains 21 images'
INFO: 2020-05-19 23:22:58,677: do_set_wp() 'Calling do_set_wp with /usr/share/backgrounds/vicyos-wallpapers/74901.jpg, time: 1589941378.6774266'
INFO: 2020-05-19 23:22:58,694: update_indicator() 'Setting file info to: /usr/share/backgrounds/vicyos-wallpapers/74901.jpg'
INFO: 2020-05-19 23:22:58,851: trigger_download() 'Triggering download thread to check if download needed'
INFO: 2020-05-19 23:23:00,406: process_command() 'Received command: ['-n']'
INFO: 2020-05-19 23:23:00,409: set_wallpaper() 'Calling set_wallpaper with /usr/share/backgrounds/vicyos-wallpapers/74950.jpg'
INFO: 2020-05-19 23:23:00,409: prepare_thread() 'Prepared buffer contains 20 images'
INFO: 2020-05-19 23:23:00,410: do_set_wp() 'Calling do_set_wp with /usr/share/backgrounds/vicyos-wallpapers/74950.jpg, time: 1589941380.4100924'
INFO: 2020-05-19 23:23:00,426: update_indicator() 'Setting file info to: /usr/share/backgrounds/vicyos-wallpapers/74950.jpg'
INFO: 2020-05-19 23:23:00,677: trigger_download() 'Triggering download thread to check if download needed'
INFO: 2020-05-19 23:23:01,960: process_command() 'Received command: ['-n']'
INFO: 2020-05-19 23:23:01,962: set_wallpaper() 'Calling set_wallpaper with /usr/share/backgrounds/vicyos-wallpapers/35459.jpg'
INFO: 2020-05-19 23:23:01,963: do_set_wp() 'Calling do_set_wp with /usr/share/backgrounds/vicyos-wallpapers/35459.jpg, time: 1589941381.963028'
INFO: 2020-05-19 23:23:01,963: prepare_thread() 'Prepared buffer contains 19 images'
INFO: 2020-05-19 23:23:01,979: update_indicator() 'Setting file info to: /usr/share/backgrounds/vicyos-wallpapers/35459.jpg'
INFO: 2020-05-19 23:23:02,410: trigger_download() 'Triggering download thread to check if download needed'
INFO: 2020-05-19 23:23:03,553: process_command() 'Received command: ['-n']'
INFO: 2020-05-19 23:23:03,556: set_wallpaper() 'Calling set_wallpaper with /usr/share/backgrounds/vicyos-wallpapers/593374.jpg'
INFO: 2020-05-19 23:23:03,556: prepare_thread() 'Prepared buffer contains 18 images'
INFO: 2020-05-19 23:23:03,556: do_set_wp() 'Calling do_set_wp with /usr/share/backgrounds/vicyos-wallpapers/593374.jpg, time: 1589941383.55678'
INFO: 2020-05-19 23:23:03,573: update_indicator() 'Setting file info to: /usr/share/backgrounds/vicyos-wallpapers/593374.jpg'
INFO: 2020-05-19 23:23:03,963: trigger_download() 'Triggering download thread to check if download needed'
INFO: 2020-05-19 23:23:05,244: process_command() 'Received command: ['-n']'
INFO: 2020-05-19 23:23:05,246: set_wallpaper() 'Calling set_wallpaper with /usr/share/backgrounds/vicyos-wallpapers/592788.jpg'
INFO: 2020-05-19 23:23:05,246: prepare_thread() 'Prepared buffer contains 17 images'
INFO: 2020-05-19 23:23:05,247: do_set_wp() 'Calling do_set_wp with /usr/share/backgrounds/vicyos-wallpapers/592788.jpg, time: 1589941385.2471356'
INFO: 2020-05-19 23:23:05,263: update_indicator() 'Setting file info to: /usr/share/backgrounds/vicyos-wallpapers/592788.jpg'
INFO: 2020-05-19 23:23:05,556: trigger_download() 'Triggering download thread to check if download needed'
INFO: 2020-05-19 23:23:07,062: process_command() 'Received command: ['-n']'
INFO: 2020-05-19 23:23:07,064: set_wallpaper() 'Calling set_wallpaper with /usr/share/backgrounds/vicyos-wallpapers/74880.jpg'
INFO: 2020-05-19 23:23:07,064: prepare_thread() 'Prepared buffer contains 16 images'
INFO: 2020-05-19 23:23:07,065: do_set_wp() 'Calling do_set_wp with /usr/share/backgrounds/vicyos-wallpapers/74880.jpg, time: 1589941387.0654294'
INFO: 2020-05-19 23:23:07,082: update_indicator() 'Setting file info to: /usr/share/backgrounds/vicyos-wallpapers/74880.jpg'
INFO: 2020-05-19 23:23:07,247: trigger_download() 'Triggering download thread to check if download needed'
INFO: 2020-05-19 23:23:09,065: trigger_download() 'Triggering download thread to check if download needed'
INFO: 2020-05-19 23:23:11,574: process_command() 'Received command: ['-n']'
INFO: 2020-05-19 23:23:11,577: set_wallpaper() 'Calling set_wallpaper with /usr/share/backgrounds/vicyos-wallpapers/landscape7.png'
INFO: 2020-05-19 23:23:11,577: prepare_thread() 'Prepared buffer contains 15 images'
INFO: 2020-05-19 23:23:11,578: do_set_wp() 'Calling do_set_wp with /usr/share/backgrounds/vicyos-wallpapers/landscape7.png, time: 1589941391.578217'
INFO: 2020-05-19 23:23:11,594: update_indicator() 'Setting file info to: /usr/share/backgrounds/vicyos-wallpapers/landscape7.png'
INFO: 2020-05-19 23:23:13,519: process_command() 'Received command: ['-n']'
INFO: 2020-05-19 23:23:13,522: set_wallpaper() 'Calling set_wallpaper with /usr/share/backgrounds/vicyos-wallpapers/74843.jpg'
INFO: 2020-05-19 23:23:13,522: prepare_thread() 'Prepared buffer contains 14 images'
INFO: 2020-05-19 23:23:13,522: do_set_wp() 'Calling do_set_wp with /usr/share/backgrounds/vicyos-wallpapers/74843.jpg, time: 1589941393.5229015'
INFO: 2020-05-19 23:23:13,539: update_indicator() 'Setting file info to: /usr/share/backgrounds/vicyos-wallpapers/74843.jpg'
INFO: 2020-05-19 23:23:13,578: trigger_download() 'Triggering download thread to check if download needed'
INFO: 2020-05-19 23:23:14,933: process_command() 'Received command: ['-n']'
INFO: 2020-05-19 23:23:14,936: set_wallpaper() 'Calling set_wallpaper with /usr/share/backgrounds/vicyos-wallpapers/74883.jpg'
INFO: 2020-05-19 23:23:14,936: prepare_thread() 'Prepared buffer contains 13 images'
INFO: 2020-05-19 23:23:14,936: do_set_wp() 'Calling do_set_wp with /usr/share/backgrounds/vicyos-wallpapers/74883.jpg, time: 1589941394.936782'
INFO: 2020-05-19 23:23:14,953: update_indicator() 'Setting file info to: /usr/share/backgrounds/vicyos-wallpapers/74883.jpg'
INFO: 2020-05-19 23:23:15,523: trigger_download() 'Triggering download thread to check if download needed'
INFO: 2020-05-19 23:23:16,562: process_command() 'Received command: ['-n']'
INFO: 2020-05-19 23:23:16,565: set_wallpaper() 'Calling set_wallpaper with /usr/share/backgrounds/vicyos-wallpapers/74744.jpg'
INFO: 2020-05-19 23:23:16,566: prepare_thread() 'Prepared buffer contains 12 images'
INFO: 2020-05-19 23:23:16,566: do_set_wp() 'Calling do_set_wp with /usr/share/backgrounds/vicyos-wallpapers/74744.jpg, time: 1589941396.566146'
INFO: 2020-05-19 23:23:16,582: update_indicator() 'Setting file info to: /usr/share/backgrounds/vicyos-wallpapers/74744.jpg'
INFO: 2020-05-19 23:23:16,936: trigger_download() 'Triggering download thread to check if download needed'
INFO: 2020-05-19 23:23:18,393: process_command() 'Received command: ['-n']'
INFO: 2020-05-19 23:23:18,396: set_wallpaper() 'Calling set_wallpaper with /usr/share/backgrounds/vicyos-wallpapers/121428.jpg'
INFO: 2020-05-19 23:23:18,396: prepare_thread() 'Prepared buffer contains 11 images'
INFO: 2020-05-19 23:23:18,396: do_set_wp() 'Calling do_set_wp with /usr/share/backgrounds/vicyos-wallpapers/121428.jpg, time: 1589941398.3968723'
INFO: 2020-05-19 23:23:18,413: update_indicator() 'Setting file info to: /usr/share/backgrounds/vicyos-wallpapers/121428.jpg'
INFO: 2020-05-19 23:23:18,566: trigger_download() 'Triggering download thread to check if download needed'
INFO: 2020-05-19 23:23:20,068: process_command() 'Received command: ['-n']'
INFO: 2020-05-19 23:23:20,071: set_wallpaper() 'Calling set_wallpaper with /usr/share/backgrounds/vicyos-wallpapers/bluesky_vicyos.jpg'
INFO: 2020-05-19 23:23:20,071: prepare_thread() 'Prepared buffer contains 10 images'
INFO: 2020-05-19 23:23:20,072: do_set_wp() 'Calling do_set_wp with /usr/share/backgrounds/vicyos-wallpapers/bluesky_vicyos.jpg, time: 1589941400.0721016'
INFO: 2020-05-19 23:23:20,072: prepare_thread() 'Preparing some images'
INFO: 2020-05-19 23:23:20,078: prepare_thread() 'After search prepared buffer contains 30 images'
INFO: 2020-05-19 23:23:20,089: update_indicator() 'Setting file info to: /usr/share/backgrounds/vicyos-wallpapers/bluesky_vicyos.jpg'
INFO: 2020-05-19 23:23:20,396: trigger_download() 'Triggering download thread to check if download needed'
INFO: 2020-05-19 23:23:22,078: trigger_download() 'Triggering download thread to check if download needed'
INFO: 2020-05-19 23:23:37,922: list_files() 'More than 1 files in the folders, stop listing'
INFO: 2020-05-19 23:23:37,925: update_indicator() 'Setting file info to: /usr/share/backgrounds/vicyos-wallpapers/bluesky_vicyos.jpg'
INFO: 2020-05-19 23:23:40,594: update_indicator() 'Setting file info to: /usr/share/backgrounds/vicyos-wallpapers/bluesky_vicyos.jpg'
INFO: 2020-05-19 23:23:53,082: move_or_copy_file() 'Copied /usr/share/backgrounds/vicyos-wallpapers/bluesky_vicyos.jpg to /home/vicyos/.config/variety/Favorites'
INFO: 2020-05-19 23:23:53,082: update_indicator() 'Setting file info to: /usr/share/backgrounds/vicyos-wallpapers/bluesky_vicyos.jpg'
